This is pdfTeX, Version 3.14159265-2.6-1.40.21 (TeX Live 2020/Arch Linux) (preloaded format=prv_lab1 2020.12.4)  4 DEC 2020 00:09
entering extended mode
 restricted \write18 enabled.
 file:line:error style messages enabled.
 %&-line parsing enabled.
**&prv_lab1 /AUCTEXINPUT{ _region_.tex }
(./_region_.tex (/usr/share/texmf-dist/tex/latex/l3backend/l3backend-pdfmode.def
File: l3backend-pdfmode.def 2020-06-03 L3 backend support: PDF mode
\l__kernel_color_stack_int=\count198
\l__pdf_internal_box=\box52
)
No file _region_.aux.
LaTeX Font Info:    Checking defaults for OML/cmm/m/it on input line 57.
LaTeX Font Info:    ... okay on input line 57.
LaTeX Font Info:    Checking defaults for OMS/cmsy/m/n on input line 57.
LaTeX Font Info:    ... okay on input line 57.
LaTeX Font Info:    Checking defaults for OT1/cmr/m/n on input line 57.
LaTeX Font Info:    ... okay on input line 57.
LaTeX Font Info:    Checking defaults for T1/cmr/m/n on input line 57.
LaTeX Font Info:    ... okay on input line 57.
LaTeX Font Info:    Checking defaults for TS1/cmr/m/n on input line 57.
LaTeX Font Info:    ... okay on input line 57.
LaTeX Font Info:    Checking defaults for OMX/cmex/m/n on input line 57.
LaTeX Font Info:    ... okay on input line 57.
LaTeX Font Info:    Checking defaults for U/cmr/m/n on input line 57.
LaTeX Font Info:    ... okay on input line 57.
(/home/dg/.emacs.d/elpa/auctex-12.3.1/latex/preview.sty
Package: preview 2017/04/24 12.3 (AUCTeX/preview-latex)
 (/usr/share/texmf-dist/tex/generic/luatex85/luatex85.sty
Package: luatex85 2016/06/15 v1.4 pdftex aliases for luatex
) (/home/dg/.emacs.d/elpa/auctex-12.3.1/latex/prtightpage.def
\PreviewBorder=\dimen174
) (/home/dg/.emacs.d/elpa/auctex-12.3.1/latex/prauctex.def
No auxiliary output files.


\hbadness=\count199
\hfuzz=\dimen175
(/home/dg/.emacs.d/elpa/auctex-12.3.1/latex/prauctex.cfg)) (/home/dg/.emacs.d/elpa/auctex-12.3.1/latex/prfootnotes.def)
\pr@snippet=\count266
\pr@box=\box53
\pr@output=\toks29

Preview: Fontsize 12pt
Preview: PDFoutput 1
) (/usr/share/texmf-dist/tex/context/base/mkii/supp-pdf.mkii
[Loading MPS to PDF converter (version 2006.09.02).]
\scratchcounter=\count267
\scratchdimen=\dimen176
\scratchbox=\box54
\nofMPsegments=\count268
\nofMParguments=\count269
\everyMPshowfont=\toks30
\MPscratchCnt=\count270
\MPscratchDim=\dimen177
\MPnumerator=\count271
\makeMPintoPDFobject=\count272
\everyMPtoPDFconversion=\toks31
) (/usr/share/texmf-dist/tex/latex/epstopdf-pkg/epstopdf-base.sty
Package: epstopdf-base 2020-01-24 v2.11 Base part for package epstopdf
 (/usr/share/texmf-dist/tex/generic/infwarerr/infwarerr.sty
Package: infwarerr 2019/12/03 v1.5 Providing info/warning/error messages (HO)
) (/usr/share/texmf-dist/tex/latex/grfext/grfext.sty
Package: grfext 2019/12/03 v1.3 Manage graphics extensions (HO)
 (/usr/share/texmf-dist/tex/generic/kvdefinekeys/kvdefinekeys.sty
Package: kvdefinekeys 2019-12-19 v1.6 Define keys (HO)
)) (/usr/share/texmf-dist/tex/latex/kvoptions/kvoptions.sty
Package: kvoptions 2019/11/29 v3.13 Key value format for package options (HO)
 (/usr/share/texmf-dist/tex/generic/ltxcmds/ltxcmds.sty
Package: ltxcmds 2019/12/15 v1.24 LaTeX kernel commands for general use (HO)
) (/usr/share/texmf-dist/tex/generic/kvsetkeys/kvsetkeys.sty
Package: kvsetkeys 2019/12/15 v1.18 Key value parser (HO)
)) (/usr/share/texmf-dist/tex/latex/pdftexcmds/pdftexcmds.sty
Package: pdftexcmds 2020-06-04 v0.32 Utility functions of pdfTeX for LuaTeX (HO)
Package pdftexcmds Info: \pdf@primitive is available.
Package pdftexcmds Info: \pdf@ifprimitive is available.
Package pdftexcmds Info: \pdfdraftmode found.
)
Package epstopdf-base Info: Redefining graphics rule for `.eps' on input line 485.
Package grfext Info: Graphics extension search list:
(grfext)             [.pdf,.png,.jpg,.mps,.jpeg,.jbig2,.jb2,.PDF,.PNG,.JPG,.JPEG,.JBIG2,.JB2,.eps]
(grfext)             \AppendGraphicsExtensions on input line 504.
 (/usr/share/texmf-dist/tex/latex/latexconfig/epstopdf-sys.cfg
File: epstopdf-sys.cfg 2010/07/13 v1.3 Configuration of (r)epstopdf for TeX Live
))
*geometry* driver: auto-detecting
*geometry* detected driver: pdftex
*geometry* verbose mode - [ preamble ] result:
* driver: pdftex
* paper: a4paper
* layout: <same size as paper>
* layoutoffset:(h,v)=(0.0pt,0.0pt)
* modes: twoside 
* h-part:(L,W,R)=(56.9055pt, 483.69684pt, 56.90553pt)
* v-part:(T,H,B)=(56.9055pt, 731.23582pt, 56.90552pt)
* \paperwidth=597.50787pt
* \paperheight=845.04684pt
* \textwidth=483.69684pt
* \textheight=731.23582pt
* \oddsidemargin=-15.36449pt
* \evensidemargin=-15.36446pt
* \topmargin=-47.23828pt
* \headheight=12.0pt
* \headsep=19.8738pt
* \topskip=12.0pt
* \footskip=30.0pt
* \marginparwidth=88.0pt
* \marginparsep=7.0pt
* \columnsep=10.0pt
* \skip\footins=10.8pt plus 4.0pt minus 2.0pt
* \hoffset=0.0pt
* \voffset=0.0pt
* \mag=1000
* \@twocolumnfalse
* \@twosidetrue
* \@mparswitchtrue
* \@reversemarginfalse
* (1in=72.27pt=25.4mm, 1cm=28.453pt)

 !name(lab1.tex) !offset(-3) 
./_region_.tex:61: Preview: Snippet 1 started.
<-><->
      
l.61 \chapter
             {Experiment : 01}
Not a real error.

Chapter 1.
Preview: Tightpage -32891 -32891 32891 32891
./_region_.tex:61: Preview: Snippet 1 ended.(1795747+432542x31699556).
<-><->
      
l.61 \chapter{Experiment : 01}
                              
Not a real error.

[1



{/var/lib/texmf/fonts/map/pdftex/updmap/pdftex.map}]
./_region_.tex:72: Preview: Snippet 2 started.
<-><->
      
l.72 \begin{equation}
                     
Not a real error.

./_region_.tex:74: Preview: Snippet 2 ended.(1638364+0x31699556).
<-><->
      
l.74 \end{equation}
                   
Not a real error.

[2]
./_region_.tex:76: Preview: Snippet 3 started.
<-><->
      
l.76 \begin{equation}
                     
Not a real error.

./_region_.tex:78: Preview: Snippet 3 ended.(1774900+0x31699556).
<-><->
      
l.78 \end{equation}
                   
Not a real error.

[3]
./_region_.tex:83: Preview: Snippet 4 started.
<-><->
      
l.83 \[
         \frac{C(s)}{R(s)} = \frac{G(s)}{1 + G(s)H(s)} \]
Not a real error.

./_region_.tex:83: Preview: Snippet 4 ended.(1857913+0x19590956).
<-><->
      
l.83 ...C(s)}{R(s)} = \frac{G(s)}{1 + G(s)H(s)} \]
                                                  
Not a real error.

[4]
./_region_.tex:86: Preview: Snippet 5 started.
<-><->
      
l.86 where $
            G(s)$ is  feed forward gain and $H(s)$ is feedback gain, where $...
Not a real error.

./_region_.tex:86: Preview: Snippet 5 ended.(589824+196608x1569045).
<-><->
      
l.86 where $G(s)$
                  is  feed forward gain and $H(s)$ is feedback gain, where $...
Not a real error.

[5]
./_region_.tex:86: Preview: Snippet 6 started.
<-><->
      
l.86 where $G(s)$ is  feed forward gain and $
                                             H(s)$ is feedback gain, where $...
Not a real error.

./_region_.tex:86: Preview: Snippet 6 ended.(589824+196608x1660415).
<-><->
      
l.86 where $G(s)$ is  feed forward gain and $H(s)$
                                                   is feedback gain, where $...
Not a real error.

[6]
./_region_.tex:86: Preview: Snippet 7 started.
<-><->
      
l.86 ... gain and $H(s)$ is feedback gain, where $
                                                  C(s)$
Not a real error.

./_region_.tex:86: Preview: Snippet 7 ended.(589824+196608x1569044).
<-><->
      
l.86 ... and $H(s)$ is feedback gain, where $C(s)$
                                                  
Not a real error.

[7]
./_region_.tex:87: Preview: Snippet 8 started.
<-><->
      
l.87 referred as controlled ouput variable and $
                                                R(s)$ as reference set point...
Not a real error.

./_region_.tex:87: Preview: Snippet 8 ended.(589824+196608x1554237).
<-><->
      
l.87 ...ed as controlled ouput variable and $R(s)$
                                                   as reference set point or...
Not a real error.

[8]
./_region_.tex:90: Preview: Snippet 9 started.
<-><->
      
l.90 as per above equation, we get $
                                    Y_1(s)$ and $Y_2(s)$ as first order and
Not a real error.

./_region_.tex:90: Preview: Snippet 9 ended.(589824+196608x1719719).
<-><->
      
l.90 as per above equation, we get $Y_1(s)$
                                            and $Y_2(s)$ as first order and
Not a real error.

[9]
./_region_.tex:90: Preview: Snippet 10 started.
<-><->
      
l.90 as per above equation, we get $Y_1(s)$ and $
                                                 Y_2(s)$ as first order and
Not a real error.

./_region_.tex:90: Preview: Snippet 10 ended.(589824+196608x1719719).
<-><->
      
l.90 ...ove equation, we get $Y_1(s)$ and $Y_2(s)$
                                                   as first order and
Not a real error.

[10]
./_region_.tex:92: Preview: Snippet 11 started.
<-><->
      
l.92 \begin{equation}
                     
Not a real error.

./_region_.tex:94: Preview: Snippet 11 ended.(1638364+0x31699556).
<-><->
      
l.94 \end{equation}
                   
Not a real error.

[11]
./_region_.tex:95: Preview: Snippet 12 started.
<-><->
      
l.95 \begin{equation}
                     
Not a real error.

./_region_.tex:98: Preview: Snippet 12 ended.(1638364+0x31699556).
<-><->
      
l.98 \end{equation}
                   
Not a real error.

[12]
./_region_.tex:101: Preview: Snippet 13 started.
<-><->
      
l.101   \includegraphics
                        [width = 165mm, scale = 0.80]{lab1fig1.png}
Not a real error.

<lab1fig1.png, id=45, 1130.2225pt x 564.1075pt>
File: lab1fig1.png Graphic file (type png)
<use lab1fig1.png>
Package pdftex.def Info: lab1fig1.png  used on input line 101.
(pdftex.def)             Requested size: 904.17924pt x 451.2866pt.
./_region_.tex:101: Preview: Snippet 13 ended.(15356380+0x30767411).
<-><->
      
l.101 ...idth = 165mm, scale = 0.80]{lab1fig1.png}
                                                  
Not a real error.

[13 <./lab1fig1.png>]
./_region_.tex:104: Preview: Snippet 14 started.
<-><->
      
l.104 \begin{figure}
                    [h!]
Not a real error.

<graph1.png, id=52, 647.41875pt x 370.38374pt>
File: graph1.png Graphic file (type png)
<use graph1.png>
Package pdftex.def Info: graph1.png  used on input line 106.
(pdftex.def)             Requested size: 517.9357pt x 296.30739pt.
./_region_.tex:109: Preview: Snippet 14 ended.(18552708+152880x31699556).
<-><->
      
l.109 \end{figure}
                  
Not a real error.

[14 <./graph1.png>]
./_region_.tex:111: Preview: Snippet 15 started.
<-><->
      
l.111   \includegraphics
                        [width = 165mm, scale = 0.85]{graph2.png}
Not a real error.

<graph2.png, id=57, 688.5725pt x 352.31625pt>
File: graph2.png Graphic file (type png)
<use graph2.png>
Package pdftex.def Info: graph2.png  used on input line 111.
(pdftex.def)             Requested size: 585.28938pt x 299.47021pt.
./_region_.tex:111: Preview: Snippet 15 ended.(15742550+0x30767492).
<-><->
      
l.111 ...[width = 165mm, scale = 0.85]{graph2.png}
                                                  
Not a real error.

[15 <./graph2.png>]
./_region_.tex:118: Preview: Snippet 16 started.
<-><->
      
l.118 ...l settled down to final value at approx $
                                                  ~$2.2
Not a real error.

./_region_.tex:118: Preview: Snippet 16 ended.(0+0x256620).
<-><->
      
l.118 ...settled down to final value at approx $~$
                                                  2.2
Not a real error.

[16]
./_region_.tex:123: Preview: Snippet 17 started.
<-><->
      
l.123 \chapter
              {Experiment : 02}
Not a real error.

Chapter 2.
./_region_.tex:123: Preview: Snippet 17 ended.(1795747+432542x31699556).
<-><->
      
l.123 \chapter{Experiment : 02}
                               
Not a real error.

[17



]
./_region_.tex:129: Preview: Snippet 18 started.
<-><->
      
l.129 ...nd order system at different  values of $
                                                  K_P$.}
Not a real error.

./_region_.tex:129: Preview: Snippet 18 ended.(537395+117964x1118436).
<-><->
      
l.129 ...rder system at different  values of $K_P$
                                                  .}
Not a real error.

[18]
./_region_.tex:136: Preview: Snippet 19 started.
<-><->
      
l.136 In a first part we have $
                               G_1(s)$ of second order system and varying the
Not a real error.

./_region_.tex:136: Preview: Snippet 19 ended.(589824+196608x1880345).
<-><->
      
l.136 In a first part we have $G_1(s)$
                                       of second order system and varying the
Not a real error.

[19]
./_region_.tex:137: Preview: Snippet 20 started.
<-><->
      
l.137 proportional gain($
                         K_P$) to 50, 100, 1500 values and evaluating its step
Not a real error.

./_region_.tex:137: Preview: Snippet 20 ended.(537395+117964x1118436).
<-><->
      
l.137 proportional gain($K_P$
                             ) to 50, 100, 1500 values and evaluating its step
Not a real error.

[20]
./_region_.tex:139: Preview: Snippet 21 started.
<-><->
      
l.139 \begin{equation}
                      
Not a real error.

./_region_.tex:141: Preview: Snippet 21 ended.(1638364+0x31699556).
<-><->
      
l.141 \end{equation}
                    
Not a real error.

[21]
./_region_.tex:144: Preview: Snippet 22 started.
<-><->
      
l.144 delay $
             G_2(s)$ and disturbance with delay as $G_3(s)$ defined below
Not a real error.

./_region_.tex:144: Preview: Snippet 22 ended.(589824+196608x1880345).
<-><->
      
l.144 delay $G_2(s)$
                     and disturbance with delay as $G_3(s)$ defined below
Not a real error.

[22]
./_region_.tex:144: Preview: Snippet 23 started.
<-><->
      
l.144 ... $G_2(s)$ and disturbance with delay as $
                                                  G_3(s)$ defined below
Not a real error.

./_region_.tex:144: Preview: Snippet 23 ended.(589824+196608x1880345).
<-><->
      
l.144 ...)$ and disturbance with delay as $G_3(s)$
                                                   defined below
Not a real error.

[23]
./_region_.tex:145: Preview: Snippet 24 started.
<-><->
      
l.145 \begin{eqnarray}
                      
Not a real error.

./_region_.tex:149: Preview: Snippet 24 ended.(4820164+0x31699556).
<-><->
      
l.149 \end{eqnarray}
                    
Not a real error.

[24]

Package Fancyhdr Warning: \headheight is too small (12.0pt): 
Make it at least 14.49998pt.
We now make it that large for the rest of the document.
This may cause the page layout to be inconsistent, however.

./_region_.tex:152: Preview: Snippet 25 started.
<-><->
      
l.152 \begin{figure}
                    [ht!]
Not a real error.

<lab2part11.png, id=92, 866.23625pt x 474.77374pt>
File: lab2part11.png Graphic file (type png)
<use lab2part11.png>
Package pdftex.def Info: lab2part11.png  used on input line 154.
(pdftex.def)             Requested size: 736.3043pt x 403.55959pt.
<lab2part12.png, id=93, 776.9025pt x 505.89pt>
File: lab2part12.png Graphic file (type png)
<use lab2part12.png>
Package pdftex.def Info: lab2part12.png  used on input line 156.
(pdftex.def)             Requested size: 660.37024pt x 430.00851pt.
./_region_.tex:159: Preview: Snippet 25 ended.(40328180+219909x31699556).
<-><->
      
l.159  \end{figure}
                   
Not a real error.

[25


 <./lab2part11.png> <./lab2part12.png>]
./_region_.tex:161: Preview: Snippet 26 started.
<-><->
      
l.161   \includegraphics
                        [width = \linewidth]{rlocus.jpg}
Not a real error.

<rlocus.jpg, id=100, 572.1375pt x 414.54875pt>
File: rlocus.jpg Graphic file (type jpg)
<use rlocus.jpg>
Package pdftex.def Info: rlocus.jpg  used on input line 161.
(pdftex.def)             Requested size: 290.22105pt x 210.28479pt.
./_region_.tex:161: Preview: Snippet 26 ended.(13781224+0x19019927).
<-><->
      
l.161 ...egraphics[width = \linewidth]{rlocus.jpg}
                                                  
Not a real error.

[26 <./rlocus.jpg>]

./_region_.tex:163: LaTeX Error: \caption outside float.

See the LaTeX manual or LaTeX Companion for explanation.
Type  H <return>  for immediate help.
 ...                                              
                                                  
l.163     \caption
                  {Root locus of $G_1(s)$}
You're in trouble here.  Try typing  <return>  to proceed.
If that doesn't work, type  X <return>  to quit.

./_region_.tex:163: Undefined control sequence.
\pr@\caption ...dcsname \fi \fi \@dblarg {\@tempf 
                                                  \@captype }
l.163     \caption
                  {Root locus of $G_1(s)$}
The control sequence at the end of the top line
of your error message was never \def'ed. If you have
misspelled it (e.g., `\hobx'), type `I' and the correct
spelling (e.g., `I\hbox'). Otherwise just continue,
and I'll forget about whatever was undefined.

./_region_.tex:163: Undefined control sequence.
\pr@\caption ...i \fi \@dblarg {\@tempf \@captype 
                                                  }
l.163     \caption
                  {Root locus of $G_1(s)$}
The control sequence at the end of the top line
of your error message was never \def'ed. If you have
misspelled it (e.g., `\hobx'), type `I' and the correct
spelling (e.g., `I\hbox'). Otherwise just continue,
and I'll forget about whatever was undefined.

./_region_.tex:163: Preview: Snippet 27 started.
<-><->
      
l.163     \caption{Root locus of $
                                  G_1(s)$}
Not a real error.

./_region_.tex:163: Preview: Snippet 27 ended.(589824+196608x1880345).
<-><->
      
l.163     \caption{Root locus of $G_1(s)$
                                         }
Not a real error.

[27]
./_region_.tex:176: Preview: Snippet 28 started.
<-><->
      
l.176  \begin{figure}
                     [ht!]
Not a real error.

<lab2part21.png, id=107, 895.345pt x 450.68375pt>
File: lab2part21.png Graphic file (type png)
<use lab2part21.png>
Package pdftex.def Info: lab2part21.png  used on input line 177.
(pdftex.def)             Requested size: 761.04686pt x 383.08298pt.
<lab2part22.png, id=108, 771.88374pt x 505.89pt>
File: lab2part22.png Graphic file (type png)
<use lab2part22.png>
Package pdftex.def Info: lab2part22.png  used on input line 179.
(pdftex.def)             Requested size: 733.2854pt x 480.59276pt.
./_region_.tex:181: Preview: Snippet 28 ended.(30664567+152880x31699556).
<-><->
      
l.181 \end{figure}
                  
Not a real error.

[28


 <./lab2part21.png> <./lab2part22.png>]
./_region_.tex:184: Preview: Snippet 29 started.
<-><->
      
l.184 ...bserved that on increasing the value of $
                                                  K_P$ output response is re...
Not a real error.

./_region_.tex:184: Preview: Snippet 29 ended.(537395+117964x1118436).
<-><->
      
l.184 ...ved that on increasing the value of $K_P$
                                                   output response is reaching
Not a real error.

[29]
./_region_.tex:185: Preview: Snippet 30 started.
<-><->
      
l.185 ... It is verified from Root locus that at $
                                                  K_P$ = 50 we get critical ...
Not a real error.

./_region_.tex:185: Preview: Snippet 30 ended.(537395+117964x1118436).
<-><->
      
l.185 ...is verified from Root locus that at $K_P$
                                                   = 50 we get critical damped
Not a real error.

[30]
./_region_.tex:186: Preview: Snippet 31 started.
<-><->
      
l.186 response while on  $
                          K_P$ = 150, 1500 we get underdamped response i.e. ...
Not a real error.

./_region_.tex:186: Preview: Snippet 31 ended.(537395+117964x1118436).
<-><->
      
l.186 response while on  $K_P$
                               = 150, 1500 we get underdamped response i.e. ...
Not a real error.

[31]
./_region_.tex:191: Preview: Snippet 32 started.
<-><->
      
l.191 \chapter
              {Experiment : 03}
Not a real error.

Chapter 3.
./_region_.tex:191: Preview: Snippet 32 ended.(1795747+432542x31699556).
<-><->
      
l.191 \chapter{Experiment : 03}
                               
Not a real error.

[32



]
./_region_.tex:208: Preview: Snippet 33 started.
<-><->
      
l.208 ...r function with transportation delay as $
                                                  G_1(s)$
Not a real error.

./_region_.tex:208: Preview: Snippet 33 ended.(589824+196608x1880345).
<-><->
      
l.208 ...ion with transportation delay as $G_1(s)$
                                                  
Not a real error.

[33]
./_region_.tex:209: Preview: Snippet 34 started.
<-><->
      
l.209 \begin{equation}
                      
Not a real error.

./_region_.tex:211: Preview: Snippet 34 ended.(1935043+0x31699556).
<-><->
      
l.211 \end{equation}
                    
Not a real error.

[34]
./_region_.tex:218: Preview: Snippet 35 started.
<-><->
      
l.218 ...lculating by taylor series expansion of $
                                                  e^{-s\theta}$.
Not a real error.

./_region_.tex:218: Preview: Snippet 35 ended.(649479+0x1355876).
<-><->
      
l.218 ...taylor series expansion of $e^{-s\theta}$
                                                  .
Not a real error.

[35]
./_region_.tex:223: Preview: Snippet 36 started.
<-><->
      
l.223 ...ac{s\theta}{2}}{1 + \frac{s\theta}{2}})$}
                                                  
Not a real error.

./_region_.tex:223: Preview: Snippet 36 ended.(936813+543597x4491673).
<-><->
      
l.223 ...ac{s\theta}{2}}{1 + \frac{s\theta}{2}})$}
                                                  
Not a real error.

[36]
./_region_.tex:228: Preview: Snippet 37 started.
<-><->
      
l.228 ...\theta}{2} + \frac{s^2 (\theta)^2}{12}}$}
                                                  
Not a real error.

./_region_.tex:228: Preview: Snippet 37 ended.(1132578+687222x5882766).
<-><->
      
l.228 ...\theta}{2} + \frac{s^2 (\theta)^2}{12}}$}
                                                  
Not a real error.

[37]
./_region_.tex:230: Preview: Snippet 38 started.
<-><->
      
l.230 \noindent For a first case we have $
                                          T_d$ = 5 second, $T_p$ = 10 second...
Not a real error.

./_region_.tex:230: Preview: Snippet 38 ended.(537395+117964x770729).
<-><->
      
l.230 \noindent For a first case we have $T_d$
                                               = 5 second, $T_p$ = 10 second...
Not a real error.

[38]
./_region_.tex:230: Preview: Snippet 39 started.
<-><->
      
l.230 ... a first case we have $T_d$ = 5 second, $
                                                  T_p$ = 10 second and K = 1...
Not a real error.

./_region_.tex:230: Preview: Snippet 39 ended.(537395+219909x764510).
<-><->
      
l.230 ...irst case we have $T_d$ = 5 second, $T_p$
                                                   = 10 second and K = 1, so we
Not a real error.

[39]
./_region_.tex:232: Preview: Snippet 40 started.
<-><->
      
l.232 \begin{equation}
                      
Not a real error.

./_region_.tex:234: Preview: Snippet 40 ended.(1754818+0x31699556).
<-><->
      
l.234 \end{equation}
                    
Not a real error.

[40]
./_region_.tex:236: Preview: Snippet 41 started.
<-><->
      
l.236 \begin{equation}
                      
Not a real error.

./_region_.tex:238: Preview: Snippet 41 ended.(1638364+0x31699556).
<-><->
      
l.238 \end{equation}
                     \\
Not a real error.

[41]
./_region_.tex:240: Preview: Snippet 42 started.
<-><->
      
l.240 \begin{equation}
                      
Not a real error.

./_region_.tex:242: Preview: Snippet 42 ended.(1754818+0x31699556).
<-><->
      
l.242 \end{equation}
                    
Not a real error.

[42]
./_region_.tex:244: Preview: Snippet 43 started.
<-><->
      
l.244 ....15, 2, 4.5, 8.5 and selecting value of $
                                                  T_d$ = 5 and $T_p$=1. \par
Not a real error.

./_region_.tex:244: Preview: Snippet 43 ended.(537395+117964x770729).
<-><->
      
l.244 ... 2, 4.5, 8.5 and selecting value of $T_d$
                                                   = 5 and $T_p$=1. \par
Not a real error.

[43]
./_region_.tex:244: Preview: Snippet 44 started.
<-><->
      
l.244 ....5 and selecting value of $T_d$ = 5 and $
                                                  T_p$=1. \par
Not a real error.

./_region_.tex:244: Preview: Snippet 44 ended.(537395+219909x764510).
<-><->
      
l.244 ...nd selecting value of $T_d$ = 5 and $T_p$
                                                  =1. \par
Not a real error.

[44]
./_region_.tex:245: Preview: Snippet 45 started.
<-><->
      
l.245 Now in second part we change value of $
                                             k_i$= 0.2,0.5,0.8,1 respectivel...
Not a real error.

./_region_.tex:245: Preview: Snippet 45 ended.(546132+117964x622920).
<-><->
      
l.245 Now in second part we change value of $k_i$
                                                 = 0.2,0.5,0.8,1 respectivel...
Not a real error.

[45]
./_region_.tex:248: Preview: Snippet 46 started.
<-><->
      
l.248 \begin{figure}
                    [H]
Not a real error.


./_region_.tex:248: LaTeX Error: Unknown float option `H'.

See the LaTeX manual or LaTeX Companion for explanation.
Type  H <return>  for immediate help.
 ...                                              
                                                  
l.248 \begin{figure}[H]
                       
Option `H' ignored and `p' used.

<lab03part1.png, id=171, 672.5125pt x 410.53375pt>
File: lab03part1.png Graphic file (type png)
<use lab03part1.png>
Package pdftex.def Info: lab03part1.png  used on input line 250.
(pdftex.def)             Requested size: 571.63832pt x 348.95534pt.
./_region_.tex:252: Preview: Snippet 46 ended.(20387804+152880x31699556).
<-><->
      
l.252 \end{figure}
                  
Not a real error.

[46

 <./lab03part1.png>]
./_region_.tex:254: Preview: Snippet 47 started.
<-><->
      
l.254 \begin{figure}
                    [H]
Not a real error.


./_region_.tex:254: LaTeX Error: Unknown float option `H'.

See the LaTeX manual or LaTeX Companion for explanation.
Type  H <return>  for immediate help.
 ...                                              
                                                  
l.254 \begin{figure}[H]
                       
Option `H' ignored and `p' used.

<lab03part12.png, id=176, 755.82375pt x 417.56pt>
File: lab03part12.png Graphic file (type png)
<use lab03part12.png>
Package pdftex.def Info: lab03part12.png  used on input line 256.
(pdftex.def)             Requested size: 642.45322pt x 354.92766pt.
<lab03part2a.png, id=177, 1152.305pt x 440.64626pt>
File: lab03part2a.png Graphic file (type png)
<use lab03part2a.png>
Package pdftex.def Info: lab03part2a.png  used on input line 258.
(pdftex.def)             Requested size: 979.46388pt x 374.55107pt.
<lab03part2a1.png, id=178, 636.3775pt x 225.84375pt>
File: lab03part2a1.png Graphic file (type png)
<use lab03part2a1.png>
Package pdftex.def Info: lab03part2a1.png  used on input line 260.
(pdftex.def)             Requested size: 540.92343pt x 191.96808pt.
./_region_.tex:262: Preview: Snippet 47 ended.(48087957+152880x31699556).
<-><->
      
l.262  \end{figure}
                   
Not a real error.

[47



 <./lab03part12.png> <./lab03part2a.png> <./lab03part2a1.png>]
./_region_.tex:263: Preview: Snippet 48 started.
<-><->
      
l.263  \begin{figure}
                     [H]
Not a real error.


./_region_.tex:263: LaTeX Error: Unknown float option `H'.

See the LaTeX manual or LaTeX Companion for explanation.
Type  H <return>  for immediate help.
 ...                                              
                                                  
l.263  \begin{figure}[H]
                        
Option `H' ignored and `p' used.

<lab03part2a2.png, id=185, 638.385pt x 250.9375pt>
File: lab03part2a2.png Graphic file (type png)
<use lab03part2a2.png>
Package pdftex.def Info: lab03part2a2.png  used on input line 264.
(pdftex.def)             Requested size: 542.62979pt x 213.29787pt.
<lab03part2a3.png, id=186, 640.3925pt x 256.96pt>
File: lab03part2a3.png Graphic file (type png)
<use lab03part2a3.png>
Package pdftex.def Info: lab03part2a3.png  used on input line 266.
(pdftex.def)             Requested size: 544.3362pt x 218.41702pt.
<lab03part2a4.png, id=187, 668.4975pt x 259.97125pt>
File: lab03part2a4.png Graphic file (type png)
<use lab03part2a4.png>
Package pdftex.def Info: lab03part2a4.png  used on input line 268.
(pdftex.def)             Requested size: 568.22556pt x 220.9766pt.
./_region_.tex:270: Preview: Snippet 48 ended.(41658518+152880x31699556).
<-><->
      
l.270  \end{figure}
                   
Not a real error.

[48



 <./lab03part2a2.png> <./lab03part2a3.png> <./lab03part2a4.png>]
./_region_.tex:271: Preview: Snippet 49 started.
<-><->
      
l.271  \begin{figure}
                     [H]
Not a real error.


./_region_.tex:271: LaTeX Error: Unknown float option `H'.

See the LaTeX manual or LaTeX Companion for explanation.
Type  H <return>  for immediate help.
 ...                                              
                                                  
l.271  \begin{figure}[H]
                        
Option `H' ignored and `p' used.

<lab03part2a5.png, id=194, 758.835pt x 315.1775pt>
File: lab03part2a5.png Graphic file (type png)
<use lab03part2a5.png>
Package pdftex.def Info: lab03part2a5.png  used on input line 272.
(pdftex.def)             Requested size: 645.01282pt x 267.90213pt.

./_region_.tex:274: LaTeX Error: There's no line here to end.

See the LaTeX manual or LaTeX Companion for explanation.
Type  H <return>  for immediate help.
 ...                                              
                                                  
l.274   \vfil
             
Your command was ignored.
Type  I <command> <return>  to replace it with another command,
or  <return>  to continue without it.

<lab03part21.png, id=195, 1334.9875pt x 553.06625pt>
File: lab03part21.png Graphic file (type png)
<use lab03part21.png>
Package pdftex.def Info: lab03part21.png  used on input line 275.
(pdftex.def)             Requested size: 1134.74477pt x 470.10854pt.
./_region_.tex:277: Preview: Snippet 49 ended.(36720654+152880x31699556).
<-><->
      
l.277 \end{figure}
                  
Not a real error.

[49


 <./lab03part2a5.png> <./lab03part21.png>]
./_region_.tex:278: Preview: Snippet 50 started.
<-><->
      
l.278 \begin{figure}
                    [H]
Not a real error.


./_region_.tex:278: LaTeX Error: Unknown float option `H'.

See the LaTeX manual or LaTeX Companion for explanation.
Type  H <return>  for immediate help.
 ...                                              
                                                  
l.278 \begin{figure}[H]
                       
Option `H' ignored and `p' used.

<lab03part22_ki_0_2.png, id=202, 757.83125pt x 405.515pt>
File: lab03part22_ki_0_2.png Graphic file (type png)
<use lab03part22_ki_0_2.png>
Package pdftex.def Info: lab03part22_ki_0_2.png  used on input line 279.
(pdftex.def)             Requested size: 644.1596pt x 344.68936pt.
<lab03part23_k_i_0_5.png, id=203, 804.00375pt x 376.40625pt>
File: lab03part23_k_i_0_5.png Graphic file (type png)
<use lab03part23_k_i_0_5.png>
Package pdftex.def Info: lab03part23_k_i_0_5.png  used on input line 281.
(pdftex.def)             Requested size: 683.40643pt x 319.94681pt.
<lab03part24_k_i_0_8.png, id=204, 889.3225pt x 396.48125pt>
File: lab03part24_k_i_0_8.png Graphic file (type png)
<use lab03part24_k_i_0_8.png>
Package pdftex.def Info: lab03part24_k_i_0_8.png  used on input line 283.
(pdftex.def)             Requested size: 755.92769pt x 337.01064pt.
<lab03part25_k_i_1.png, id=205, 765.86125pt x 372.39125pt>
File: lab03part25_k_i_1.png Graphic file (type png)
<use lab03part25_k_i_1.png>
Package pdftex.def Info: lab03part25_k_i_1.png  used on input line 285.
(pdftex.def)             Requested size: 650.98514pt x 316.53406pt.
./_region_.tex:287: Preview: Snippet 50 ended.(48100822+152880x31699556).
<-><->
      
l.287 \end{figure}
                  
Not a real error.

[50




 <./lab03part22_ki_0_2.png> <./lab03part23_k_i_0_5.png> <./lab03part24_k_i_0_8.png> <./lab03part25_k_i_1.png>]
./_region_.tex:300: Preview: Snippet 51 started.
<-><->
      
l.300          value of $
                         K_i$ is increasing.
Not a real error.

./_region_.tex:300: Preview: Snippet 51 ended.(537395+117964x877554).
<-><->
      
l.300          value of $K_i$
                              is increasing.
Not a real error.

[51]
./_region_.tex:303: Preview: Snippet 52 started.
<-><->
      
l.303 \chapter
              {Experiment : 04}
Not a real error.

Chapter 4.
./_region_.tex:303: Preview: Snippet 52 ended.(1795747+432542x31699556).
<-><->
      
l.303 \chapter{Experiment : 04}
                               
Not a real error.

[52



]
./_region_.tex:313: Undefined control sequence.
l.313 \noident
               Tailor series approximation is expressed up to second term,so...
The control sequence at the end of the top line
of your error message was never \def'ed. If you have
misspelled it (e.g., `\hobx'), type `I' and the correct
spelling (e.g., `I\hbox'). Otherwise just continue,
and I'll forget about whatever was undefined.

./_region_.tex:314: Preview: Snippet 53 started.
<-><->
      
l.314 \begin{eqnarray}
                      
Not a real error.

./_region_.tex:317: Preview: Snippet 53 ended.(2785868+0x31699556).
<-><->
      
l.317 \end{eqnarray}
                    
Not a real error.

[53]
./_region_.tex:330: Preview: Snippet 54 started.
<-><->
      
l.330 \begin{equation}
                      
Not a real error.

./_region_.tex:332: Preview: Snippet 54 ended.(1857913+0x31699556).
<-><->
      
l.332   \end{equation}
                      
Not a real error.

[54]
./_region_.tex:339: Preview: Snippet 55 started.
<-><->
      
l.339   \begin{equation}
                        
Not a real error.

./_region_.tex:341: Preview: Snippet 55 ended.(1754818+0x31699556).
<-><->
      
l.341   \end{equation}
                      
Not a real error.

[55]
./_region_.tex:342: Preview: Snippet 56 started.
<-><->
      
l.342   where $
               G_T$ = approximated transfer function using taylor series\\
Not a real error.

./_region_.tex:342: Preview: Snippet 56 ended.(537395+117964x1041859).
<-><->
      
l.342   where $G_T$
                    = approximated transfer function using taylor series\\
Not a real error.

[56]
./_region_.tex:343: Preview: Snippet 57 started.
<-><->
      
l.343   $
         G_H$ =  approximated transfer function using SKOGESTAD's half rule\\
Not a real error.

./_region_.tex:343: Preview: Snippet 57 ended.(537395+117964x1138160).
<-><->
      
l.343   $G_H$
              =  approximated transfer function using SKOGESTAD's half rule\\
Not a real error.

[57]
./_region_.tex:346: Preview: Snippet 58 started.
<-><->
      
l.346  \begin{equation}
                       
Not a real error.

./_region_.tex:348: Preview: Snippet 58 ended.(1870239+0x31699556).
<-><->
      
l.348  \end{equation}
                     
Not a real error.

[58]
./_region_.tex:356: Preview: Snippet 59 started.
<-><->
      
l.356 \begin{equation}
                      
Not a real error.

./_region_.tex:358: Preview: Snippet 59 ended.(1891354+0x31699556).
<-><->
      
l.358  \end{equation}
                     
Not a real error.

[59]

./_region_.tex:360: LaTeX Error: Environment subfigure undefined.

See the LaTeX manual or LaTeX Companion for explanation.
Type  H <return>  for immediate help.
 ...                                              
                                                  
l.360  \begin{subfigure}
                        
Your command was ignored.
Type  I <command> <return>  to replace it with another command,
or  <return>  to continue without it.

./_region_.tex:362: Preview: Snippet 60 started.
<-><->
      
l.362   \includegraphics
                        [width=165mm, scale=0.95]{lab04part10.png}
Not a real error.

<lab04part10.png, id=242, 915.42pt x 480.79625pt>
File: lab04part10.png Graphic file (type png)
<use lab04part10.png>
Package pdftex.def Info: lab04part10.png  used on input line 362.
(pdftex.def)             Requested size: 869.64407pt x 456.75383pt.
./_region_.tex:362: Preview: Snippet 60 ended.(16159493+0x30767137).
<-><->
      
l.362 ...width=165mm, scale=0.95]{lab04part10.png}
                                                  
Not a real error.

[60 <./lab04part10.png>]

./_region_.tex:363: LaTeX Error: \caption outside float.

See the LaTeX manual or LaTeX Companion for explanation.
Type  H <return>  for immediate help.
 ...                                              
                                                  
l.363   \caption
                {Simulink model of systems given is Part A}
You're in trouble here.  Try typing  <return>  to proceed.
If that doesn't work, type  X <return>  to quit.

./_region_.tex:363: Undefined control sequence.
\pr@\caption ...dcsname \fi \fi \@dblarg {\@tempf 
                                                  \@captype }
l.363   \caption
                {Simulink model of systems given is Part A}
The control sequence at the end of the top line
of your error message was never \def'ed. If you have
misspelled it (e.g., `\hobx'), type `I' and the correct
spelling (e.g., `I\hbox'). Otherwise just continue,
and I'll forget about whatever was undefined.

./_region_.tex:363: Undefined control sequence.
\pr@\caption ...i \fi \@dblarg {\@tempf \@captype 
                                                  }
l.363   \caption
                {Simulink model of systems given is Part A}
The control sequence at the end of the top line
of your error message was never \def'ed. If you have
misspelled it (e.g., `\hobx'), type `I' and the correct
spelling (e.g., `I\hbox'). Otherwise just continue,
and I'll forget about whatever was undefined.


./_region_.tex:365: LaTeX Error: \begin{document} ended by \end{subfigure}.

See the LaTeX manual or LaTeX Companion for explanation.
Type  H <return>  for immediate help.
 ...                                              
                                                  
l.365 \end{subfigure}
                     
Your command was ignored.
Type  I <command> <return>  to replace it with another command,
or  <return>  to continue without it.

./_region_.tex:366: Preview: Snippet 61 started.
<-><->
      
l.366   \begin{figure}
                      [H]
Not a real error.


./_region_.tex:366: LaTeX Error: Unknown float option `H'.

See the LaTeX manual or LaTeX Companion for explanation.
Type  H <return>  for immediate help.
 ...                                              
                                                  
l.366   \begin{figure}[H]
                         
Option `H' ignored and `p' used.

<lab04part11.png, id=247, 781.92125pt x 368.37625pt>
File: lab04part11.png Graphic file (type png)
<use lab04part11.png>
Package pdftex.def Info: lab04part11.png  used on input line 368.
(pdftex.def)             Requested size: 742.82098pt x 349.95544pt.
<lab04part20.png, id=248, 897.3525pt x 409.53pt>
File: lab04part20.png Graphic file (type png)
<use lab04part20.png>
Package pdftex.def Info: lab04part20.png  used on input line 370.
(pdftex.def)             Requested size: 762.75322pt x 348.10214pt.
<lab04part21.png, id=249, 773.89125pt x 360.34625pt>
File: lab04part21.png Graphic file (type png)
<use lab04part21.png>
Package pdftex.def Info: lab04part21.png  used on input line 372.
(pdftex.def)             Requested size: 657.81067pt x 306.29576pt.
./_region_.tex:374: Preview: Snippet 61 ended.(48116605+152880x31699556).
<-><->
      
l.374   \end{figure}
                    
Not a real error.

[61



 <./lab04part11.png> <./lab04part20.png> <./lab04part21.png>]
./_region_.tex:382: Preview: Snippet 62 started.
<-><->
      
l.382 \chapter
              {Experiment : 05}
Not a real error.

Chapter 5.
./_region_.tex:382: Preview: Snippet 62 ended.(1795747+432542x31699556).
<-><->
      
l.382 \chapter{Experiment : 05}
                               
Not a real error.

[62



]
./_region_.tex:390: Preview: Snippet 63 started.
<-><->
      
l.390 there is a plant $
                        G_p(s)$ has first order transfer function and contro...
Not a real error.

./_region_.tex:390: Preview: Snippet 63 ended.(589824+219909x1882226).
<-><->
      
l.390 there is a plant $G_p(s)$
                                has first order transfer function and contro...
Not a real error.

[63]
./_region_.tex:392: Preview: Snippet 64 started.
<-><->
      
l.392 termed as $
                 G_c(s)$, we are giving step response to the closed loop unity
Not a real error.

./_region_.tex:392: Preview: Snippet 64 ended.(589824+196608x1843086).
<-><->
      
l.392 termed as $G_c(s)$
                        , we are giving step response to the closed loop unity
Not a real error.

[64]
./_region_.tex:395: Preview: Snippet 65 started.
<-><->
      
l.395 \begin{equation}
                      
Not a real error.

./_region_.tex:397: Preview: Snippet 65 ended.(1828785+0x31699556).
<-><->
      
l.397  \end{equation}
                     \\
Not a real error.

[65]

./_region_.tex:398: LaTeX Error: There's no line here to end.

See the LaTeX manual or LaTeX Companion for explanation.
Type  H <return>  for immediate help.
 ...                                              
                                                  
l.398  \scalebox
                {1.25}{\bf Part A}
Your command was ignored.
Type  I <command> <return>  to replace it with another command,
or  <return>  to continue without it.

./_region_.tex:400: Preview: Snippet 66 started.
<-><->
      
l.400 ... we apply proportional controller, i.e. $
                                                  K_c$ to first order system...
Not a real error.

./_region_.tex:400: Preview: Snippet 66 ended.(537395+117964x929169).
<-><->
      
l.400 ...apply proportional controller, i.e. $K_c$
                                                   to first order system and
Not a real error.

[66]
./_region_.tex:404: Preview: Snippet 67 started.
<-><->
      
l.404  \begin{equation}
                       
Not a real error.

./_region_.tex:406: Preview: Snippet 67 ended.(1881214+0x31699556).
<-><->
      
l.406  \end{equation}
                     
Not a real error.

[67]
./_region_.tex:407: Preview: Snippet 68 started.
<-><->
      
l.407     here $
                K_p$ = 1, $T_p$ = 5,
Not a real error.

./_region_.tex:407: Preview: Snippet 68 ended.(537395+219909x968309).
<-><->
      
l.407     here $K_p$
                     = 1, $T_p$ = 5,
Not a real error.

[68]
./_region_.tex:407: Preview: Snippet 69 started.
<-><->
      
l.407     here $K_p$ = 1, $
                           T_p$ = 5,
Not a real error.

./_region_.tex:407: Preview: Snippet 69 ended.(537395+219909x764510).
<-><->
      
l.407     here $K_p$ = 1, $T_p$
                                = 5,
Not a real error.

[69]
./_region_.tex:409: Preview: Snippet 70 started.
<-><->
      
l.409 \begin{align}
                   
Not a real error.

./_region_.tex:413: Preview: Snippet 70 ended.(3244031+0x31699556).
<-><->
      
l.413 \end{align}
                 
Not a real error.

[70]
./_region_.tex:414: Preview: Snippet 71 started.
<-><->
      
l.414 here we need to change the value of $
                                           K_c$ = -2,-0.5,1,5,10 and analyse...
Not a real error.

./_region_.tex:414: Preview: Snippet 71 ended.(537395+117964x929169).
<-><->
      
l.414 here we need to change the value of $K_c$
                                                = -2,-0.5,1,5,10 and analyse...
Not a real error.

[71]
./_region_.tex:422: Preview: Snippet 72 started.
<-><->
      
l.422 \begin{equation}
                      
Not a real error.

./_region_.tex:424: Preview: Snippet 72 ended.(1881214+0x31699556).
<-><->
      
l.424 \end{equation}
                    \pagebreak
Not a real error.

[72]

./_region_.tex:426: LaTeX Error: There's no line here to end.

See the LaTeX manual or LaTeX Companion for explanation.
Type  H <return>  for immediate help.
 ...                                              
                                                  
l.426   A
         fter substituting values
Your command was ignored.
Type  I <command> <return>  to replace it with another command,
or  <return>  to continue without it.

./_region_.tex:430: Preview: Snippet 73 started.
<-><->
      
l.430     $}
            
Not a real error.

./_region_.tex:430: Preview: Snippet 73 ended.(661597+801548x8846326).
<-><->
      
l.430     $}
            
Not a real error.

[73]
./_region_.tex:432: Preview: Snippet 74 started.
<-><->
      
l.432 ...g Routh Hurwitz's stability criteria to $
                                                  Y_{CL}$ and $\tau_i \tau_p
Not a real error.

./_region_.tex:432: Preview: Snippet 74 ended.(537395+117964x1292458).
<-><->
      
l.432 ... Hurwitz's stability criteria to $Y_{CL}$
                                                   and $\tau_i \tau_p
Not a real error.

[74]
./_region_.tex:432: Preview: Snippet 75 started.
<-><->
      
l.432 ...tz's stability criteria to $Y_{CL}$ and $
                                                  \tau_i \tau_p
Not a real error.

./_region_.tex:433: Preview: Snippet 75 ended.(506811+219909x2625271).
<-><->
      
l.433   > 0$
             so that
Not a real error.

[75]
./_region_.tex:434: Preview: Snippet 76 started.
<-><->
      
l.434  \begin{align*}
                     
Not a real error.

./_region_.tex:438: Preview: Snippet 76 ended.(4985766+0x18832189).
<-><->
      
l.438  \end{align*}
                   
Not a real error.

[76]
./_region_.tex:440: Preview: Snippet 77 started.
<-><->
      
l.440 here $
            \tau_p$ = 5, $K_i$ = 0.2, 4,($\tau_i$ = 0.25,5) and $K_c$ = 5 an...
Not a real error.

./_region_.tex:440: Preview: Snippet 77 ended.(338603+219909x647593).
<-><->
      
l.440 here $\tau_p$
                    = 5, $K_i$ = 0.2, 4,($\tau_i$ = 0.25,5) and $K_c$ = 5 an...
Not a real error.

[77]
./_region_.tex:440: Preview: Snippet 78 started.
<-><->
      
l.440 here $\tau_p$ = 5, $
                          K_i$ = 0.2, 4,($\tau_i$ = 0.25,5) and $K_c$ = 5 an...
Not a real error.

./_region_.tex:440: Preview: Snippet 78 ended.(537395+117964x877554).
<-><->
      
l.440 here $\tau_p$ = 5, $K_i$
                               = 0.2, 4,($\tau_i$ = 0.25,5) and $K_c$ = 5 an...
Not a real error.

[78]
./_region_.tex:440: Preview: Snippet 79 started.
<-><->
      
l.440 here $\tau_p$ = 5, $K_i$ = 0.2, 4,($
                                          \tau_i$ = 0.25,5) and $K_c$ = 5 an...
Not a real error.

./_region_.tex:440: Preview: Snippet 79 ended.(338603+117964x556838).
<-><->
      
l.440 here $\tau_p$ = 5, $K_i$ = 0.2, 4,($\tau_i$
                                                  = 0.25,5) and $K_c$ = 5 an...
Not a real error.

[79]
./_region_.tex:440: Preview: Snippet 80 started.
<-><->
      
l.440 ... $K_i$ = 0.2, 4,($\tau_i$ = 0.25,5) and $
                                                  K_c$ = 5 and obeserve that...
Not a real error.

./_region_.tex:440: Preview: Snippet 80 ended.(537395+117964x929169).
<-><->
      
l.440 ...i$ = 0.2, 4,($\tau_i$ = 0.25,5) and $K_c$
                                                   = 5 and obeserve that whe...
Not a real error.

[80]
./_region_.tex:443: Preview: Snippet 81 started.
<-><->
      
l.443 \begin{figure}
                    [h!]
Not a real error.

<lab05part01.png, id=317, 710.655pt x 548.0475pt>
File: lab05part01.png Graphic file (type png)
<use lab05part01.png>
Package pdftex.def Info: lab05part01.png  used on input line 444.
(pdftex.def)             Requested size: 604.0596pt x 465.84258pt.
./_region_.tex:446: Preview: Snippet 81 ended.(25333789+152880x31699556).
<-><->
      
l.446 \end{figure}
                  
Not a real error.

[81

 <./lab05part01.png>]

LaTeX Warning: `!h' float specifier changed to `!ht'.

./_region_.tex:447: Preview: Snippet 82 started.
<-><->
      
l.447 \begin{figure}
                    [H]
Not a real error.


./_region_.tex:447: LaTeX Error: Unknown float option `H'.

See the LaTeX manual or LaTeX Companion for explanation.
Type  H <return>  for immediate help.
 ...                                              
                                                  
l.447 \begin{figure}[H]
                       
Option `H' ignored and `p' used.

<lab05part11.png, id=322, 649.42625pt x 319.1925pt>
File: lab05part11.png Graphic file (type png)
<use lab05part11.png>
Package pdftex.def Info: lab05part11.png  used on input line 448.
(pdftex.def)             Requested size: 552.01492pt x 271.3149pt.
<lab05part12.png, id=323, 539.01375pt x 354.32375pt>
File: lab05part12.png Graphic file (type png)
<use lab05part12.png>
Package pdftex.def Info: lab05part12.png  used on input line 450.
(pdftex.def)             Requested size: 458.16383pt x 301.1766pt.
./_region_.tex:452: Preview: Snippet 82 ended.(38777171+152880x31699556).
<-><->
      
l.452 \end{figure}
                  
Not a real error.

[82


 <./lab05part11.png> <./lab05part12.png>]
./_region_.tex:453: Preview: Snippet 83 started.
<-><->
      
l.453  \begin{figure}
                     [H]
Not a real error.


./_region_.tex:453: LaTeX Error: Unknown float option `H'.

See the LaTeX manual or LaTeX Companion for explanation.
Type  H <return>  for immediate help.
 ...                                              
                                                  
l.453  \begin{figure}[H]
                        
Option `H' ignored and `p' used.

<lab05part20.png, id=329, 1245.65375pt x 529.98pt>
File: lab05part20.png Graphic file (type png)
<use lab05part20.png>
Package pdftex.def Info: lab05part20.png  used on input line 454.
(pdftex.def)             Requested size: 1183.36436pt x 503.47812pt.
<lab05part21.png, id=330, 765.86125pt x 347.2975pt>
File: lab05part21.png Graphic file (type png)
<use lab05part21.png>
Package pdftex.def Info: lab05part21.png  used on input line 456.
(pdftex.def)             Requested size: 650.98514pt x 295.20425pt.
<lab05part22.png, id=331, 643.40375pt x 358.33875pt>
File: lab05part22.png Graphic file (type png)
<use lab05part22.png>
Package pdftex.def Info: lab05part22.png  used on input line 458.
(pdftex.def)             Requested size: 546.89577pt x 304.58937pt.
./_region_.tex:460: Preview: Snippet 83 ended.(48141573+152880x31699556).
<-><->
      
l.460  \end{figure}
                   
Not a real error.

[83



 <./lab05part20.png> <./lab05part21.png> <./lab05part22.png>]
./_region_.tex:472: Preview: Snippet 84 started.
<-><->
      
l.472 \begin{table}
                   [H]
Not a real error.


./_region_.tex:472: LaTeX Error: Unknown float option `H'.

See the LaTeX manual or LaTeX Companion for explanation.
Type  H <return>  for immediate help.
 ...                                              
                                                  
l.472 \begin{table}[H]
                      
Option `H' ignored and `p' used.

./_region_.tex:494: Preview: Snippet 84 ended.(17053846+0x31699556).
<-><->
      
l.494 \end{table}
                 
Not a real error.

[84


]
./_region_.tex:497: Preview: Snippet 85 started.
<-><->
      
l.497 ... system responded at different value of $
                                                  K_c$ and details of offset...
Not a real error.

./_region_.tex:497: Preview: Snippet 85 ended.(537395+117964x929169).
<-><->
      
l.497 ...tem responded at different value of $K_c$
                                                   and details of offset and
Not a real error.

[85]
./_region_.tex:501: Preview: Snippet 86 started.
<-><->
      
l.501 \begin{table}
                   [H]
Not a real error.


./_region_.tex:501: LaTeX Error: Unknown float option `H'.

See the LaTeX manual or LaTeX Companion for explanation.
Type  H <return>  for immediate help.
 ...                                              
                                                  
l.501 \begin{table}[H]
                      
Option `H' ignored and `p' used.

./_region_.tex:517: Preview: Snippet 86 ended.(14086763+0x31699556).
<-><->
      
l.517 \end{table}
                 
Not a real error.

[86


]
./_region_.tex:525: Preview: Snippet 87 started.
<-><->
      
l.525 ...y increasing value of proportional gain $
                                                  K_c$ we get smaller offset...
Not a real error.

./_region_.tex:525: Preview: Snippet 87 ended.(537395+117964x929169).
<-><->
      
l.525 ...creasing value of proportional gain $K_c$
                                                   we get smaller offset but
Not a real error.

[87]
./_region_.tex:537: Preview: Snippet 88 started.
<-><->
      
l.537 \chapter
              {Experiment : 06}
Not a real error.

Chapter 6.
./_region_.tex:537: Preview: Snippet 88 ended.(1795747+432542x31699556).
<-><->
      
l.537 \chapter{Experiment : 06}
                               
Not a real error.

[88



]
./_region_.tex:543: Preview: Snippet 89 started.
<-><->
      
l.543 ...ble first order plant transfer function $
                                                  G_p(s)$ and Controller $G_...
Not a real error.

./_region_.tex:543: Preview: Snippet 89 ended.(589824+219909x1882226).
<-><->
      
l.543 ...st order plant transfer function $G_p(s)$
                                                   and Controller $G_c(s)$
Not a real error.

[89]
./_region_.tex:543: Preview: Snippet 90 started.
<-><->
      
l.543 ...ansfer function $G_p(s)$ and Controller $
                                                  G_c(s)$
Not a real error.

./_region_.tex:543: Preview: Snippet 90 ended.(589824+196608x1843086).
<-><->
      
l.543 ...function $G_p(s)$ and Controller $G_c(s)$
                                                  
Not a real error.

[90]
./_region_.tex:544: Preview: Snippet 91 started.
<-><->
      
l.544 \begin{eqnarray}
                      
Not a real error.

./_region_.tex:548: Preview: Snippet 91 ended.(3839140+0x31699556).
<-><->
      
l.548 \end{eqnarray}
                    
Not a real error.

[91]
./_region_.tex:549: Preview: Snippet 92 started.
<-><->
      
l.549 ...oop unity feedback transfer function is $
                                                  Y_{CL}$, with step input
Not a real error.

./_region_.tex:549: Preview: Snippet 92 ended.(537395+117964x1292458).
<-><->
      
l.549 ...ty feedback transfer function is $Y_{CL}$
                                                  , with step input
Not a real error.

[92]
./_region_.tex:550: Preview: Snippet 93 started.
<-><->
      
l.550 \begin{equation}
                      
Not a real error.

./_region_.tex:552: Preview: Snippet 93 ended.(1857913+0x31699556).
<-><->
      
l.552 \end{equation}
                    
Not a real error.

[93]
./_region_.tex:554: Preview: Snippet 94 started.
<-><->
      
l.554 \begin{align}
                   
Not a real error.

./_region_.tex:557: Preview: Snippet 94 ended.(2097151+0x31699556).
<-><->
      
l.557 \end{align}
                 
Not a real error.

[94]
./_region_.tex:558: Preview: Snippet 95 started.
<-><->
      
l.558 then system is stable if $
                                K_c$ < -1, Now observe C(t)=controlled output
Not a real error.

./_region_.tex:558: Preview: Snippet 95 ended.(537395+117964x929169).
<-><->
      
l.558 then system is stable if $K_c$
                                     < -1, Now observe C(t)=controlled output
Not a real error.

[95]
./_region_.tex:559: Preview: Snippet 96 started.
<-><->
      
l.559 ...alue of different proportional gain of \[
                                                   $K_c$ = 1, -1,
Not a real error.

./_region_.tex:559: Display math should end with $$.
<to be read again> 
                   K
l.559 ...e of different proportional gain of \[ $K
                                                  _c$ = 1, -1,
The `$' that I just saw supposedly matches a previous `$$'.
So I shall assume that you typed `$$' both times.

./_region_.tex:559: Missing $ inserted.
<inserted text> 
                $
l.559 ... of different proportional gain of \[ $K_
                                                  c$ = 1, -1,
I've inserted a begin-math/end-math symbol since I think
you left one out. Proceed, with fingers crossed.


./_region_.tex:560: LaTeX Error: Bad math environment delimiter.

See the LaTeX manual or LaTeX Companion for explanation.
Type  H <return>  for immediate help.
 ...                                              
                                                  
l.560   -10, -30\]
                  
Your command was ignored.
Type  I <command> <return>  to replace it with another command,
or  <return>  to continue without it.

./_region_.tex:560: Missing $ inserted.
<inserted text> 
                $
l.560   -10, -30\]
                  
I've inserted something that you may have forgotten.
(See the <inserted text> above.)
With luck, this will get me unwedged. But if you
really didn't forget anything, try typing `2' now; then
my insertion and my current dilemma will both disappear.

./_region_.tex:560: Display math should end with $$.
<to be read again> 
                   \endgroup 
l.560   -10, -30\]
                  
The `$' that I just saw supposedly matches a previous `$$'.
So I shall assume that you typed `$$' both times.

./_region_.tex:560: Preview: Snippet 96 ended.(2326528+0x31699556).
<-><->
      
l.560   -10, -30\]
                  
Not a real error.

[96]
./_region_.tex:562: Preview: Snippet 97 started.
<-><->
      
l.562 \begin{figure}
                    [t]
Not a real error.

<lab06part10.png, id=379, 816.04875pt x 562.1pt>
File: lab06part10.png Graphic file (type png)
<use lab06part10.png>
Package pdftex.def Info: lab06part10.png  used on input line 564.
(pdftex.def)             Requested size: 775.24193pt x 533.99197pt.
./_region_.tex:566: Preview: Snippet 97 ended.(24082956+152880x31699556).
<-><->
      
l.566 \end{figure}
                  
Not a real error.

[97

 <./lab06part10.png>]
./_region_.tex:567: Preview: Snippet 98 started.
<-><->
      
l.567  \begin{figure}
                     [H]
Not a real error.


./_region_.tex:567: LaTeX Error: Unknown float option `H'.

See the LaTeX manual or LaTeX Companion for explanation.
Type  H <return>  for immediate help.
 ...                                              
                                                  
l.567  \begin{figure}[H]
                        
Option `H' ignored and `p' used.

<lab06part11.png, id=385, 731.73375pt x 337.26pt>
File: lab06part11.png Graphic file (type png)
<use lab06part11.png>
Package pdftex.def Info: lab06part11.png  used on input line 568.
(pdftex.def)             Requested size: 695.14313pt x 320.39517pt.
./_region_.tex:570: Preview: Snippet 98 ended.(15786642+152880x31699556).
<-><->
      
l.570  \end{figure}
                   
Not a real error.

[98

 <./lab06part11.png>]
./_region_.tex:571: Preview: Snippet 99 started.
<-><->
      
l.571  \begin{figure}
                     [H]
Not a real error.


./_region_.tex:571: LaTeX Error: Unknown float option `H'.

See the LaTeX manual or LaTeX Companion for explanation.
Type  H <return>  for immediate help.
 ...                                              
                                                  
l.571  \begin{figure}[H]
                        
Option `H' ignored and `p' used.

<lab06part12.png, id=390, 542.025pt x 359.3425pt>
File: lab06part12.png Graphic file (type png)
<use lab06part12.png>
Package pdftex.def Info: lab06part12.png  used on input line 572.
(pdftex.def)             Requested size: 514.92082pt x 341.37343pt.
./_region_.tex:574: Preview: Snippet 99 ended.(18388915+152880x31699556).
<-><->
      
l.574  \end{figure}
                   
Not a real error.

[99

 <./lab06part12.png>]
./_region_.tex:577: Preview: Snippet 100 started.
<-><->
      
l.577 \begin{table}
                   [H]
Not a real error.


./_region_.tex:577: LaTeX Error: Unknown float option `H'.

See the LaTeX manual or LaTeX Companion for explanation.
Type  H <return>  for immediate help.
 ...                                              
                                                  
l.577 \begin{table}[H]
                      
Option `H' ignored and `p' used.

./_region_.tex:591: Preview: Snippet 100 ended.(11368860+0x31699556).
<-><->
      
l.591 \end{table}
                 
Not a real error.

[100


]
./_region_.tex:602: Preview: Snippet 101 started.
<-><->
      
l.602   region we need to make $
                                K_c$ < -1, or in more general way it is $K_c...
Not a real error.

./_region_.tex:602: Preview: Snippet 101 ended.(537395+117964x929169).
<-><->
      
l.602   region we need to make $K_c$
                                     < -1, or in more general way it is $K_c...
Not a real error.

[101]
./_region_.tex:602: Preview: Snippet 102 started.
<-><->
      
l.602 ...K_c$ < -1, or in more general way it is $
                                                  K_c$ < 0
Not a real error.

./_region_.tex:602: Preview: Snippet 102 ended.(537395+117964x929169).
<-><->
      
l.602 ... < -1, or in more general way it is $K_c$
                                                   < 0
Not a real error.

[102]
./_region_.tex:603: Preview: Snippet 103 started.
<-><->
      
l.603 \item from varying value $
                                K_c$ to negetive magnitude side we can obser...
Not a real error.

./_region_.tex:603: Preview: Snippet 103 ended.(537395+117964x929169).
<-><->
      
l.603 \item from varying value $K_c$
                                     to negetive magnitude side we can obser...
Not a real error.

[103]
./_region_.tex:605: Preview: Snippet 104 started.
<-><->
      
l.605   negetive gain value of $
                                K_c$, in other sense we can get bounded outp...
Not a real error.

./_region_.tex:605: Preview: Snippet 104 ended.(537395+117964x929169).
<-><->
      
l.605   negetive gain value of $K_c$
                                    , in other sense we can get bounded outp...
Not a real error.

[104]
./_region_.tex:609: Preview: Snippet 105 started.
<-><->
      
l.609 \chapter
              {Experiment : 08}
Not a real error.

Chapter 7.
./_region_.tex:609: Preview: Snippet 105 ended.(1795747+432542x31699556).
<-><->
      
l.609 \chapter{Experiment : 08}
                               
Not a real error.

[105



]
./_region_.tex:611: Preview: Snippet 106 started.
<-><->
      
l.611 ...der \& $\Romannum{2}^{nd}$ Order systems}
                                                  
Not a real error.

./_region_.tex:611: Preview: Snippet 106 ended.(607869+0x892977).
<-><->
      
l.611 ...der \& $\Romannum{2}^{nd}$ Order systems}
                                                  
Not a real error.

[106]
./_region_.tex:611: Preview: Snippet 107 started.
<-><->
      
l.611 ...der \& $\Romannum{2}^{nd}$ Order systems}
                                                  
Not a real error.

./_region_.tex:611: Preview: Snippet 107 ended.(693953+0x1460302).
<-><->
      
l.611 ...der \& $\Romannum{2}^{nd}$ Order systems}
                                                  
Not a real error.

[107]
./_region_.tex:627: Preview: Snippet 108 started.
<-><->
      
l.627 formulation the controller $
                                  G_c(s)$, is based directly on the ``good''...
Not a real error.

./_region_.tex:627: Preview: Snippet 108 ended.(589824+196608x1843086).
<-><->
      
l.627 formulation the controller $G_c(s)$
                                         , is based directly on the ``good''...
Not a real error.

[108]
./_region_.tex:631: Preview: Snippet 109 started.
<-><->
      
l.631 \begin{figure}
                    [ht]
Not a real error.

<l8p1.png, id=424, 598.34352pt x 845.75432pt>
File: l8p1.png Graphic file (type png)
<use l8p1.png>
Package pdftex.def Info: l8p1.png  used on input line 633.
(pdftex.def)             Requested size: 568.42313pt x 803.46205pt.
./_region_.tex:634: Preview: Snippet 109 ended.(52655689+0x37252178).
<-><->
      
l.634   \end{figure}
                    
Not a real error.

[109 <./l8p1.png>] ) 
Here is how much of TeX's memory you used:
 1346 strings out of 476898
 22849 string characters out of 5862153
 326801 words of memory out of 5000000
 20798 multiletter control sequences out of 15000+600000
 543099 words of font info for 47 fonts, out of 8000000 for 9000
 1141 hyphenation exceptions out of 8191
 36i,19n,35p,223b,332s stack positions out of 5000i,500n,10000p,200000b,80000s
{/usr/share/texmf-dist/fonts/enc/dvips/cm-super/cm-super-t1.enc}</usr/share/texmf-dist/fonts/type1/public/amsfonts/cm/cmmi12.pfb></usr/share/texmf-dist/fonts/type1/public/amsfonts/cm/cmmi6.pfb></usr/share/texmf-dist/fonts/type1/public/amsfonts/cm/cmmi8.pfb></usr/share/texmf-dist/fonts/type1/public/amsfonts/cm/cmr12.pfb></usr/share/texmf-dist/fonts/type1/public/amsfonts/cm/cmr6.pfb></usr/share/texmf-dist/fonts/type1/public/amsfonts/cm/cmr8.pfb></usr/share/texmf-dist/fonts/type1/public/amsfonts/cm/cmsy10.pfb></usr/share/texmf-dist/fonts/type1/public/amsfonts/cm/cmsy8.pfb></usr/share/texmf-dist/fonts/type1/public/cm-super/sfbi1728.pfb></usr/share/texmf-dist/fonts/type1/public/cm-super/sfrm1200.pfb>
Output written on _region_.pdf (109 pages, 933001 bytes).
PDF statistics:
 468 PDF objects out of 1000 (max. 8388607)
 275 compressed objects within 3 object streams
 0 named destinations out of 1000 (max. 500000)
 176 words of extra memory for PDF output out of 10000 (max. 10000000)

