This is pdfTeX, Version 3.14159265-2.6-1.40.21 (TeX Live 2020/Arch Linux) (preloaded format=pdflatex 2020.11.8)  5 DEC 2020 11:17
entering extended mode
 restricted \write18 enabled.
 file:line:error style messages enabled.
 %&-line parsing enabled.
**lab1.tex
(./lab1.tex
LaTeX2e <2020-02-02> patch level 5
L3 programming layer <2020-06-03>
(/usr/share/texmf-dist/tex/latex/base/book.cls
Document Class: book 2019/12/20 v1.4l Standard LaTeX document class
(/usr/share/texmf-dist/tex/latex/base/bk12.clo
File: bk12.clo 2019/12/20 v1.4l Standard LaTeX file (size option)
)
\c@part=\count167
\c@chapter=\count168
\c@section=\count169
\c@subsection=\count170
\c@subsubsection=\count171
\c@paragraph=\count172
\c@subparagraph=\count173
\c@figure=\count174
\c@table=\count175
\abovecaptionskip=\skip47
\belowcaptionskip=\skip48
\bibindent=\dimen134
)
(/usr/share/texmf-dist/tex/latex/base/fontenc.sty
Package: fontenc 2020/02/11 v2.0o Standard LaTeX package
)
(/usr/share/texmf-dist/tex/latex/amsmath/amsmath.sty
Package: amsmath 2020/01/20 v2.17e AMS math features
\@mathmargin=\skip49

For additional information on amsmath, use the `?' option.
(/usr/share/texmf-dist/tex/latex/amsmath/amstext.sty
Package: amstext 2000/06/29 v2.01 AMS text

(/usr/share/texmf-dist/tex/latex/amsmath/amsgen.sty
File: amsgen.sty 1999/11/30 v2.0 generic functions
\@emptytoks=\toks15
\ex@=\dimen135
))
(/usr/share/texmf-dist/tex/latex/amsmath/amsbsy.sty
Package: amsbsy 1999/11/29 v1.2d Bold Symbols
\pmbraise@=\dimen136
)
(/usr/share/texmf-dist/tex/latex/amsmath/amsopn.sty
Package: amsopn 2016/03/08 v2.02 operator names
)
\inf@bad=\count176
LaTeX Info: Redefining \frac on input line 227.
\uproot@=\count177
\leftroot@=\count178
LaTeX Info: Redefining \overline on input line 389.
\classnum@=\count179
\DOTSCASE@=\count180
LaTeX Info: Redefining \ldots on input line 486.
LaTeX Info: Redefining \dots on input line 489.
LaTeX Info: Redefining \cdots on input line 610.
\Mathstrutbox@=\box45
\strutbox@=\box46
\big@size=\dimen137
LaTeX Font Info:    Redeclaring font encoding OML on input line 733.
LaTeX Font Info:    Redeclaring font encoding OMS on input line 734.
\macc@depth=\count181
\c@MaxMatrixCols=\count182
\dotsspace@=\muskip16
\c@parentequation=\count183
\dspbrk@lvl=\count184
\tag@help=\toks16
\row@=\count185
\column@=\count186
\maxfields@=\count187
\andhelp@=\toks17
\eqnshift@=\dimen138
\alignsep@=\dimen139
\tagshift@=\dimen140
\tagwidth@=\dimen141
\totwidth@=\dimen142
\lineht@=\dimen143
\@envbody=\toks18
\multlinegap=\skip50
\multlinetaggap=\skip51
\mathdisplay@stack=\toks19
LaTeX Info: Redefining \[ on input line 2859.
LaTeX Info: Redefining \] on input line 2860.
)
(/usr/share/texmf-dist/tex/latex/base/inputenc.sty
Package: inputenc 2018/08/11 v1.3c Input encoding file
\inpenc@prehook=\toks20
\inpenc@posthook=\toks21

(/usr/share/texmf-dist/tex/latex/base/latin1.def
File: latin1.def 2018/08/11 v1.3c Input encoding file
))
(/usr/share/texmf-dist/tex/latex/amsmath/amsxtra.sty
Package: amsxtra 1999/11/15 v1.2c AMS extra commands
LaTeX Info: Redefining \nobreakspace on input line 54.
)
(/usr/share/texmf-dist/tex/latex/titlesec/titlesec.sty
Package: titlesec 2019/10/16 v2.13 Sectioning titles
\ttl@box=\box47
\beforetitleunit=\skip52
\aftertitleunit=\skip53
\ttl@plus=\dimen144
\ttl@minus=\dimen145
\ttl@toksa=\toks22
\titlewidth=\dimen146
\titlewidthlast=\dimen147
\titlewidthfirst=\dimen148
)
(/usr/share/texmf-dist/tex/latex/booktabs/booktabs.sty
Package: booktabs 2020/01/12 v1.61803398 Publication quality tables
\heavyrulewidth=\dimen149
\lightrulewidth=\dimen150
\cmidrulewidth=\dimen151
\belowrulesep=\dimen152
\belowbottomsep=\dimen153
\aboverulesep=\dimen154
\abovetopsep=\dimen155
\cmidrulesep=\dimen156
\cmidrulekern=\dimen157
\defaultaddspace=\dimen158
\@cmidla=\count188
\@cmidlb=\count189
\@aboverulesep=\dimen159
\@belowrulesep=\dimen160
\@thisruleclass=\count190
\@lastruleclass=\count191
\@thisrulewidth=\dimen161
)
(/usr/share/texmf-dist/tex/latex/graphics/graphicx.sty
Package: graphicx 2019/11/30 v1.2a Enhanced LaTeX Graphics (DPC,SPQR)

(/usr/share/texmf-dist/tex/latex/graphics/keyval.sty
Package: keyval 2014/10/28 v1.15 key=value parser (DPC)
\KV@toks@=\toks23
)
(/usr/share/texmf-dist/tex/latex/graphics/graphics.sty
Package: graphics 2019/11/30 v1.4a Standard LaTeX Graphics (DPC,SPQR)

(/usr/share/texmf-dist/tex/latex/graphics/trig.sty
Package: trig 2016/01/03 v1.10 sin cos tan (DPC)
)
(/usr/share/texmf-dist/tex/latex/graphics-cfg/graphics.cfg
File: graphics.cfg 2016/06/04 v1.11 sample graphics configuration
)
Package graphics Info: Driver file: pdftex.def on input line 105.

(/usr/share/texmf-dist/tex/latex/graphics-def/pdftex.def
File: pdftex.def 2018/01/08 v1.0l Graphics/color driver for pdftex
))
\Gin@req@height=\dimen162
\Gin@req@width=\dimen163
)
(/usr/share/texmf-dist/tex/latex/xcolor/xcolor.sty
Package: xcolor 2016/05/11 v2.12 LaTeX color extensions (UK)

(/usr/share/texmf-dist/tex/latex/graphics-cfg/color.cfg
File: color.cfg 2016/01/02 v1.6 sample color configuration
)
Package xcolor Info: Driver file: pdftex.def on input line 225.

(/usr/share/texmf-dist/tex/latex/colortbl/colortbl.sty
Package: colortbl 2020/01/04 v1.0e Color table columns (DPC)

(/usr/share/texmf-dist/tex/latex/tools/array.sty
Package: array 2019/08/31 v2.4l Tabular extension package (FMi)
\col@sep=\dimen164
\ar@mcellbox=\box48
\extrarowheight=\dimen165
\NC@list=\toks24
\extratabsurround=\skip54
\backup@length=\skip55
\ar@cellbox=\box49
)
\everycr=\toks25
\minrowclearance=\skip56
)
\rownum=\count192
Package xcolor Info: Model `cmy' substituted by `cmy0' on input line 1348.
Package xcolor Info: Model `hsb' substituted by `rgb' on input line 1352.
Package xcolor Info: Model `RGB' extended on input line 1364.
Package xcolor Info: Model `HTML' substituted by `rgb' on input line 1366.
Package xcolor Info: Model `Hsb' substituted by `hsb' on input line 1367.
Package xcolor Info: Model `tHsb' substituted by `hsb' on input line 1368.
Package xcolor Info: Model `HSB' substituted by `hsb' on input line 1369.
Package xcolor Info: Model `Gray' substituted by `gray' on input line 1370.
Package xcolor Info: Model `wave' substituted by `hsb' on input line 1371.
)
(/usr/share/texmf-dist/tex/latex/romannum/romannum.sty
Package: romannum 2009/09/03 v1.0b roman numerals

(/usr/share/texmf-dist/tex/latex/stdclsdv/stdclsdv.sty
Package: stdclsdv 2009/09/04 v1.1a Sectional divisions
))
(/usr/share/texmf-dist/tex/latex/fancyhdr/fancyhdr.sty
Package: fancyhdr 2019/01/31 v3.10 Extensive control of page headers and footer
s
\f@nch@headwidth=\skip57
\f@nch@O@elh=\skip58
\f@nch@O@erh=\skip59
\f@nch@O@olh=\skip60
\f@nch@O@orh=\skip61
\f@nch@O@elf=\skip62
\f@nch@O@erf=\skip63
\f@nch@O@olf=\skip64
\f@nch@O@orf=\skip65
)
(/usr/share/texmf-dist/tex/latex/etoolbox/etoolbox.sty
Package: etoolbox 2019/09/21 v2.5h e-TeX tools for LaTeX (JAW)
\etb@tempcnta=\count193
)
(/usr/share/texmf-dist/tex/latex/float/float.sty
Package: float 2001/11/08 v1.3d Float enhancements (AL)
\c@float@type=\count194
\float@exts=\toks26
\float@box=\box50
\@float@everytoks=\toks27
\@floatcapt=\box51
)
(/usr/share/texmf-dist/tex/latex/tools/indentfirst.sty
Package: indentfirst 1995/11/23 v1.03 Indent first paragraph (DPC)
)
(/usr/share/texmf-dist/tex/latex/geometry/geometry.sty
Package: geometry 2020/01/02 v5.9 Page Geometry

(/usr/share/texmf-dist/tex/generic/iftex/ifvtex.sty
Package: ifvtex 2019/10/25 v1.7 ifvtex legacy package. Use iftex instead.

(/usr/share/texmf-dist/tex/generic/iftex/iftex.sty
Package: iftex 2020/03/06 v1.0d TeX engine tests
))
\Gm@cnth=\count195
\Gm@cntv=\count196
\c@Gm@tempcnt=\count197
\Gm@bindingoffset=\dimen166
\Gm@wd@mp=\dimen167
\Gm@odd@mp=\dimen168
\Gm@even@mp=\dimen169
\Gm@layoutwidth=\dimen170
\Gm@layoutheight=\dimen171
\Gm@layouthoffset=\dimen172
\Gm@layoutvoffset=\dimen173
\Gm@dimlist=\toks28
)
(/usr/share/texmf-dist/tex/latex/l3backend/l3backend-pdfmode.def
File: l3backend-pdfmode.def 2020-06-03 L3 backend support: PDF mode
\l__kernel_color_stack_int=\count198
\l__pdf_internal_box=\box52
) (./lab1.aux

LaTeX Warning: Label `tab:my-table' multiply defined.


LaTeX Warning: Label `tab:my-table' multiply defined.

)
LaTeX Font Info:    Checking defaults for OML/cmm/m/it on input line 58.
LaTeX Font Info:    ... okay on input line 58.
LaTeX Font Info:    Checking defaults for OMS/cmsy/m/n on input line 58.
LaTeX Font Info:    ... okay on input line 58.
LaTeX Font Info:    Checking defaults for OT1/cmr/m/n on input line 58.
LaTeX Font Info:    ... okay on input line 58.
LaTeX Font Info:    Checking defaults for T1/cmr/m/n on input line 58.
LaTeX Font Info:    ... okay on input line 58.
LaTeX Font Info:    Checking defaults for TS1/cmr/m/n on input line 58.
LaTeX Font Info:    ... okay on input line 58.
LaTeX Font Info:    Checking defaults for OMX/cmex/m/n on input line 58.
LaTeX Font Info:    ... okay on input line 58.
LaTeX Font Info:    Checking defaults for U/cmr/m/n on input line 58.
LaTeX Font Info:    ... okay on input line 58.
 (/usr/share/texmf-dist/tex/context/base/mkii/supp-pdf.mkii
[Loading MPS to PDF converter (version 2006.09.02).]
\scratchcounter=\count199
\scratchdimen=\dimen174
\scratchbox=\box53
\nofMPsegments=\count266
\nofMParguments=\count267
\everyMPshowfont=\toks29
\MPscratchCnt=\count268
\MPscratchDim=\dimen175
\MPnumerator=\count269
\makeMPintoPDFobject=\count270
\everyMPtoPDFconversion=\toks30
) (/usr/share/texmf-dist/tex/latex/epstopdf-pkg/epstopdf-base.sty
Package: epstopdf-base 2020-01-24 v2.11 Base part for package epstopdf
Package epstopdf-base Info: Redefining graphics rule for `.eps' on input line 4
85.

(/usr/share/texmf-dist/tex/latex/latexconfig/epstopdf-sys.cfg
File: epstopdf-sys.cfg 2010/07/13 v1.3 Configuration of (r)epstopdf for TeX Liv
e
))
*geometry* driver: auto-detecting
*geometry* detected driver: pdftex
*geometry* verbose mode - [ preamble ] result:
* driver: pdftex
* paper: a4paper
* layout: <same size as paper>
* layoutoffset:(h,v)=(0.0pt,0.0pt)
* modes: twoside 
* h-part:(L,W,R)=(56.9055pt, 483.69684pt, 56.90553pt)
* v-part:(T,H,B)=(56.9055pt, 731.23582pt, 56.90552pt)
* \paperwidth=597.50787pt
* \paperheight=845.04684pt
* \textwidth=483.69684pt
* \textheight=731.23582pt
* \oddsidemargin=-15.36449pt
* \evensidemargin=-15.36446pt
* \topmargin=-47.23828pt
* \headheight=12.0pt
* \headsep=19.8738pt
* \topskip=12.0pt
* \footskip=30.0pt
* \marginparwidth=88.0pt
* \marginparsep=7.0pt
* \columnsep=10.0pt
* \skip\footins=10.8pt plus 4.0pt minus 2.0pt
* \hoffset=0.0pt
* \voffset=0.0pt
* \mag=1000
* \@twocolumnfalse
* \@twosidetrue
* \@mparswitchtrue
* \@reversemarginfalse
* (1in=72.27pt=25.4mm, 1cm=28.453pt)

Chapter 1.

Underfull \vbox (badness 6047) has occurred while \output is active []

 [1


{/var/lib/texmf/fonts/map/pdftex/updmap/pdftex.map}]
<lab1fig1.png, id=12, 1130.2225pt x 564.1075pt>
File: lab1fig1.png Graphic file (type png)
<use lab1fig1.png>
Package pdftex.def Info: lab1fig1.png  used on input line 99.
(pdftex.def)             Requested size: 904.17924pt x 451.2866pt.
<graph1.png, id=14, 647.41875pt x 370.38374pt>
File: graph1.png Graphic file (type png)
<use graph1.png>
Package pdftex.def Info: graph1.png  used on input line 104.
(pdftex.def)             Requested size: 517.9357pt x 296.30739pt.
<graph2.png, id=15, 688.5725pt x 352.31625pt>
File: graph2.png Graphic file (type png)
<use graph2.png>
Package pdftex.def Info: graph2.png  used on input line 109.
(pdftex.def)             Requested size: 585.28938pt x 299.47021pt.

Underfull \vbox (badness 10000) has occurred while \output is active []



Package Fancyhdr Warning: \headheight is too small (12.0pt): 
Make it at least 14.49998pt.
We now make it that large for the rest of the document.
This may cause the page layout to be inconsistent, however.

[2 <./lab1fig1.png> <./graph1.png>] [3 <./graph2.png>]
Chapter 2.

Underfull \vbox (badness 10000) has occurred while \output is active []

 [4

]
<lab2part11.png, id=31, 866.23625pt x 474.77374pt>
File: lab2part11.png Graphic file (type png)
<use lab2part11.png>
Package pdftex.def Info: lab2part11.png  used on input line 152.
(pdftex.def)             Requested size: 736.3043pt x 403.55959pt.
<lab2part12.png, id=32, 776.9025pt x 505.89pt>
File: lab2part12.png Graphic file (type png)
<use lab2part12.png>
Package pdftex.def Info: lab2part12.png  used on input line 154.
(pdftex.def)             Requested size: 660.37024pt x 430.00851pt.
<rlocus.jpg, id=33, 572.1375pt x 414.54875pt>
File: rlocus.jpg Graphic file (type jpg)
<use rlocus.jpg>
Package pdftex.def Info: rlocus.jpg  used on input line 159.
(pdftex.def)             Requested size: 290.22105pt x 210.28479pt.


./lab1.tex:161: LaTeX Error: \caption outside float.

See the LaTeX manual or LaTeX Companion for explanation.
Type  H <return>  for immediate help.
 ...                                              
                                                  
l.161     \caption
                  {Root locus of $G_1(s)$}
You're in trouble here.  Try typing  <return>  to proceed.
If that doesn't work, type  X <return>  to quit.

./lab1.tex:161: Undefined control sequence.
\caption ... \endcsname \fi \fi \@dblarg {\@tempf 
                                                  \@captype }
l.161     \caption
                  {Root locus of $G_1(s)$}
The control sequence at the end of the top line
of your error message was never \def'ed. If you have
misspelled it (e.g., `\hobx'), type `I' and the correct
spelling (e.g., `I\hbox'). Otherwise just continue,
and I'll forget about whatever was undefined.

./lab1.tex:161: Undefined control sequence.
\caption ...e \fi \fi \@dblarg {\@tempf \@captype 
                                                  }
l.161     \caption
                  {Root locus of $G_1(s)$}
The control sequence at the end of the top line
of your error message was never \def'ed. If you have
misspelled it (e.g., `\hobx'), type `I' and the correct
spelling (e.g., `I\hbox'). Otherwise just continue,
and I'll forget about whatever was undefined.

LaTeX Font Info:    Trying to load font information for T1+cmtt on input line 1
65.
(/usr/share/texmf-dist/tex/latex/base/t1cmtt.fd
File: t1cmtt.fd 2019/12/16 v2.5j Standard LaTeX font definitions
)
<lab2part21.png, id=34, 895.345pt x 450.68375pt>
File: lab2part21.png Graphic file (type png)
<use lab2part21.png>
Package pdftex.def Info: lab2part21.png  used on input line 175.
(pdftex.def)             Requested size: 761.04686pt x 383.08298pt.
<lab2part22.png, id=35, 771.88374pt x 505.89pt>
File: lab2part22.png Graphic file (type png)
<use lab2part22.png>
Package pdftex.def Info: lab2part22.png  used on input line 177.
(pdftex.def)             Requested size: 733.2854pt x 480.59276pt.

Overfull \hbox (62.0382pt too wide) in paragraph at lines 158--180
[]$[]$  $[]$
 []


Underfull \vbox (badness 10000) has occurred while \output is active []

 [5 <./lab2part11.png> <./lab2part12.png>] [6 <./rlocus.jpg> <./lab2part21.png>
 <./lab2part22.png>] [7]
Chapter 3.
[8

]
<lab03part1.png, id=56, 672.5125pt x 410.53375pt>
File: lab03part1.png Graphic file (type png)
<use lab03part1.png>
Package pdftex.def Info: lab03part1.png  used on input line 248.
(pdftex.def)             Requested size: 571.63832pt x 348.95534pt.

Underfull \vbox (badness 2189) has occurred while \output is active []

 [9 <./lab03part1.png>]
<lab03part12.png, id=62, 755.82375pt x 417.56pt>
File: lab03part12.png Graphic file (type png)
<use lab03part12.png>
Package pdftex.def Info: lab03part12.png  used on input line 254.
(pdftex.def)             Requested size: 642.45322pt x 354.92766pt.
<lab03part2a.png, id=63, 1152.305pt x 440.64626pt>
File: lab03part2a.png Graphic file (type png)
<use lab03part2a.png>
Package pdftex.def Info: lab03part2a.png  used on input line 256.
(pdftex.def)             Requested size: 979.46388pt x 374.55107pt.
<lab03part2a1.png, id=64, 636.3775pt x 225.84375pt>
File: lab03part2a1.png Graphic file (type png)
<use lab03part2a1.png>
Package pdftex.def Info: lab03part2a1.png  used on input line 258.
(pdftex.def)             Requested size: 540.92343pt x 191.96808pt.
<lab03part2a2.png, id=65, 638.385pt x 250.9375pt>
File: lab03part2a2.png Graphic file (type png)
<use lab03part2a2.png>
Package pdftex.def Info: lab03part2a2.png  used on input line 262.
(pdftex.def)             Requested size: 542.62979pt x 213.29787pt.
<lab03part2a3.png, id=66, 640.3925pt x 256.96pt>
File: lab03part2a3.png Graphic file (type png)
<use lab03part2a3.png>
Package pdftex.def Info: lab03part2a3.png  used on input line 264.
(pdftex.def)             Requested size: 544.3362pt x 218.41702pt.
<lab03part2a4.png, id=67, 668.4975pt x 259.97125pt>
File: lab03part2a4.png Graphic file (type png)
<use lab03part2a4.png>
Package pdftex.def Info: lab03part2a4.png  used on input line 266.
(pdftex.def)             Requested size: 568.22556pt x 220.9766pt.

Overfull \vbox (4.86093pt too high) has occurred while \output is active []


[10 <./lab03part12.png> <./lab03part2a.png> <./lab03part2a1.png>]
<lab03part2a5.png, id=74, 758.835pt x 315.1775pt>
File: lab03part2a5.png Graphic file (type png)
<use lab03part2a5.png>
Package pdftex.def Info: lab03part2a5.png  used on input line 270.
(pdftex.def)             Requested size: 645.01282pt x 267.90213pt.


./lab1.tex:272: LaTeX Error: There's no line here to end.

See the LaTeX manual or LaTeX Companion for explanation.
Type  H <return>  for immediate help.
 ...                                              
                                                  
l.272   \vfil
             
Your command was ignored.
Type  I <command> <return>  to replace it with another command,
or  <return>  to continue without it.

<lab03part21.png, id=75, 1334.9875pt x 553.06625pt>
File: lab03part21.png Graphic file (type png)
<use lab03part21.png>
Package pdftex.def Info: lab03part21.png  used on input line 273.
(pdftex.def)             Requested size: 1134.74477pt x 470.10854pt.
<lab03part22_ki_0_2.png, id=76, 757.83125pt x 405.515pt>
File: lab03part22_ki_0_2.png Graphic file (type png)
<use lab03part22_ki_0_2.png>
Package pdftex.def Info: lab03part22_ki_0_2.png  used on input line 277.
(pdftex.def)             Requested size: 644.1596pt x 344.68936pt.
<lab03part23_k_i_0_5.png, id=77, 804.00375pt x 376.40625pt>
File: lab03part23_k_i_0_5.png Graphic file (type png)
<use lab03part23_k_i_0_5.png>
Package pdftex.def Info: lab03part23_k_i_0_5.png  used on input line 279.
(pdftex.def)             Requested size: 683.40643pt x 319.94681pt.
<lab03part24_k_i_0_8.png, id=78, 889.3225pt x 396.48125pt>
File: lab03part24_k_i_0_8.png Graphic file (type png)
<use lab03part24_k_i_0_8.png>
Package pdftex.def Info: lab03part24_k_i_0_8.png  used on input line 281.
(pdftex.def)             Requested size: 755.92769pt x 337.01064pt.
<lab03part25_k_i_1.png, id=79, 765.86125pt x 372.39125pt>
File: lab03part25_k_i_1.png Graphic file (type png)
<use lab03part25_k_i_1.png>
Package pdftex.def Info: lab03part25_k_i_1.png  used on input line 283.
(pdftex.def)             Requested size: 650.98514pt x 316.53406pt.

Underfull \vbox (badness 10000) has occurred while \output is active []

 [11 <./lab03part2a2.png> <./lab03part2a3.png> <./lab03part2a4.png>]
Underfull \vbox (badness 10000) has occurred while \output is active []

 [12 <./lab03part2a5.png> <./lab03part21.png>]
Overfull \vbox (5.05724pt too high) has occurred while \output is active []


[13 <./lab03part22_ki_0_2.png> <./lab03part23_k_i_0_5.png> <./lab03part24_k_i_0
_8.png> <./lab03part25_k_i_1.png>] [14]
Chapter 4.
./lab1.tex:311: Undefined control sequence.
l.311 \noident
               Tailor series approximation is expressed up to second term,so...
The control sequence at the end of the top line
of your error message was never \def'ed. If you have
misspelled it (e.g., `\hobx'), type `I' and the correct
spelling (e.g., `I\hbox'). Otherwise just continue,
and I'll forget about whatever was undefined.


Underfull \hbox (badness 10000) in paragraph at lines 339--342

 []

[15

]

./lab1.tex:358: LaTeX Error: Environment subfigure undefined.

See the LaTeX manual or LaTeX Companion for explanation.
Type  H <return>  for immediate help.
 ...                                              
                                                  
l.358  \begin{subfigure}
                        
Your command was ignored.
Type  I <command> <return>  to replace it with another command,
or  <return>  to continue without it.

<lab04part10.png, id=105, 915.42pt x 480.79625pt>
File: lab04part10.png Graphic file (type png)
<use lab04part10.png>
Package pdftex.def Info: lab04part10.png  used on input line 360.
(pdftex.def)             Requested size: 869.64407pt x 456.75383pt.

./lab1.tex:361: LaTeX Error: \caption outside float.

See the LaTeX manual or LaTeX Companion for explanation.
Type  H <return>  for immediate help.
 ...                                              
                                                  
l.361   \caption
                {Simulink model of systems given is Part A}
You're in trouble here.  Try typing  <return>  to proceed.
If that doesn't work, type  X <return>  to quit.

./lab1.tex:361: Undefined control sequence.
\caption ... \endcsname \fi \fi \@dblarg {\@tempf 
                                                  \@captype }
l.361   \caption
                {Simulink model of systems given is Part A}
The control sequence at the end of the top line
of your error message was never \def'ed. If you have
misspelled it (e.g., `\hobx'), type `I' and the correct
spelling (e.g., `I\hbox'). Otherwise just continue,
and I'll forget about whatever was undefined.

./lab1.tex:361: Undefined control sequence.
\caption ...e \fi \fi \@dblarg {\@tempf \@captype 
                                                  }
l.361   \caption
                {Simulink model of systems given is Part A}
The control sequence at the end of the top line
of your error message was never \def'ed. If you have
misspelled it (e.g., `\hobx'), type `I' and the correct
spelling (e.g., `I\hbox'). Otherwise just continue,
and I'll forget about whatever was undefined.


./lab1.tex:363: LaTeX Error: \begin{document} ended by \end{subfigure}.

See the LaTeX manual or LaTeX Companion for explanation.
Type  H <return>  for immediate help.
 ...                                              
                                                  
l.363 \end{subfigure}
                     
Your command was ignored.
Type  I <command> <return>  to replace it with another command,
or  <return>  to continue without it.

<lab04part11.png, id=106, 781.92125pt x 368.37625pt>
File: lab04part11.png Graphic file (type png)
<use lab04part11.png>
Package pdftex.def Info: lab04part11.png  used on input line 366.
(pdftex.def)             Requested size: 742.82098pt x 349.95544pt.
<lab04part20.png, id=107, 897.3525pt x 409.53pt>
File: lab04part20.png Graphic file (type png)
<use lab04part20.png>
Package pdftex.def Info: lab04part20.png  used on input line 368.
(pdftex.def)             Requested size: 762.75322pt x 348.10214pt.
<lab04part21.png, id=108, 773.89125pt x 360.34625pt>
File: lab04part21.png Graphic file (type png)
<use lab04part21.png>
Package pdftex.def Info: lab04part21.png  used on input line 370.
(pdftex.def)             Requested size: 657.81067pt x 306.29576pt.

Underfull \vbox (badness 10000) has occurred while \output is active []

 [16 <./lab04part10.png>]
Overfull \vbox (5.29807pt too high) has occurred while \output is active []


[17 <./lab04part11.png> <./lab04part20.png> <./lab04part21.png>] [18]
Chapter 5.

Underfull \vbox (badness 1661) has occurred while \output is active []

 [19

]
<lab05part01.png, id=126, 710.655pt x 548.0475pt>
File: lab05part01.png Graphic file (type png)
<use lab05part01.png>
Package pdftex.def Info: lab05part01.png  used on input line 442.
(pdftex.def)             Requested size: 604.0596pt x 465.84258pt.
<lab05part11.png, id=127, 649.42625pt x 319.1925pt>
File: lab05part11.png Graphic file (type png)
<use lab05part11.png>
Package pdftex.def Info: lab05part11.png  used on input line 446.
(pdftex.def)             Requested size: 552.01492pt x 271.3149pt.
<lab05part12.png, id=128, 539.01375pt x 354.32375pt>
File: lab05part12.png Graphic file (type png)
<use lab05part12.png>
Package pdftex.def Info: lab05part12.png  used on input line 448.
(pdftex.def)             Requested size: 458.16383pt x 301.1766pt.
<lab05part20.png, id=129, 1245.65375pt x 529.98pt>
File: lab05part20.png Graphic file (type png)
<use lab05part20.png>
Package pdftex.def Info: lab05part20.png  used on input line 452.
(pdftex.def)             Requested size: 1183.36436pt x 503.47812pt.
<lab05part21.png, id=130, 765.86125pt x 347.2975pt>
File: lab05part21.png Graphic file (type png)
<use lab05part21.png>
Package pdftex.def Info: lab05part21.png  used on input line 454.
(pdftex.def)             Requested size: 650.98514pt x 295.20425pt.
<lab05part22.png, id=131, 643.40375pt x 358.33875pt>
File: lab05part22.png Graphic file (type png)
<use lab05part22.png>
Package pdftex.def Info: lab05part22.png  used on input line 456.
(pdftex.def)             Requested size: 546.89577pt x 304.58937pt.

[20 <./lab05part01.png>]
Underfull \vbox (badness 10000) has occurred while \output is active []

 [21 <./lab05part11.png> <./lab05part12.png>]
Overfull \vbox (5.67905pt too high) has occurred while \output is active []


[22 <./lab05part20.png> <./lab05part21.png> <./lab05part22.png>]
Underfull \vbox (badness 10000) has occurred while \output is active []

 [23]
[24]
Chapter 6.
./lab1.tex:557: Display math should end with $$.
<to be read again> 
                   K
l.557 ...e of different proportional gain of \[ $K
                                                  _c$ = 1, -1,
The `$' that I just saw supposedly matches a previous `$$'.
So I shall assume that you typed `$$' both times.

./lab1.tex:557: Missing $ inserted.
<inserted text> 
                $
l.557 ... of different proportional gain of \[ $K_
                                                  c$ = 1, -1,
I've inserted a begin-math/end-math symbol since I think
you left one out. Proceed, with fingers crossed.


./lab1.tex:558: LaTeX Error: Bad math environment delimiter.

See the LaTeX manual or LaTeX Companion for explanation.
Type  H <return>  for immediate help.
 ...                                              
                                                  
l.558   -10, -30\]
                  
Your command was ignored.
Type  I <command> <return>  to replace it with another command,
or  <return>  to continue without it.

./lab1.tex:558: Missing $ inserted.
<inserted text> 
                $
l.558   -10, -30\]
                  
I've inserted something that you may have forgotten.
(See the <inserted text> above.)
With luck, this will get me unwedged. But if you
really didn't forget anything, try typing `2' now; then
my insertion and my current dilemma will both disappear.

./lab1.tex:558: Display math should end with $$.
<to be read again> 
                   \endgroup 
l.558   -10, -30\]
                  
The `$' that I just saw supposedly matches a previous `$$'.
So I shall assume that you typed `$$' both times.

<lab06part10.png, id=153, 816.04875pt x 562.1pt>
File: lab06part10.png Graphic file (type png)
<use lab06part10.png>
Package pdftex.def Info: lab06part10.png  used on input line 562.
(pdftex.def)             Requested size: 775.24193pt x 533.99197pt.

Overfull \hbox (14.2319pt too wide) in paragraph at lines 562--563
 [][] 
 []

<lab06part11.png, id=154, 731.73375pt x 337.26pt>
File: lab06part11.png Graphic file (type png)
<use lab06part11.png>
Package pdftex.def Info: lab06part11.png  used on input line 566.
(pdftex.def)             Requested size: 695.14313pt x 320.39517pt.
<lab06part12.png, id=155, 542.025pt x 359.3425pt>
File: lab06part12.png Graphic file (type png)
<use lab06part12.png>
Package pdftex.def Info: lab06part12.png  used on input line 570.
(pdftex.def)             Requested size: 514.92082pt x 341.37343pt.

Underfull \vbox (badness 10000) has occurred while \output is active []

 [25

]
Underfull \vbox (badness 10000) has occurred while \output is active []

 [26 <./lab06part10.png> <./lab06part11.png>] [27 <./lab06part12.png>]
Chapter 7.
<l8p11.png, id=169, 922.44624pt x 432.61626pt>
File: l8p11.png Graphic file (type png)
<use l8p11.png>
Package pdftex.def Info: l8p11.png  used on input line 649.
(pdftex.def)             Requested size: 830.19395pt x 389.35103pt.
<l8p1.png, id=170, 922.44624pt x 429.605pt>
File: l8p1.png Graphic file (type png)
<use l8p1.png>
Package pdftex.def Info: l8p1.png  used on input line 651.
(pdftex.def)             Requested size: 830.19395pt x 386.64091pt.
<l8p2.png, id=171, 922.44624pt x 396.48125pt>
File: l8p2.png Graphic file (type png)
<use l8p2.png>
Package pdftex.def Info: l8p2.png  used on input line 653.
(pdftex.def)             Requested size: 830.19395pt x 356.82982pt.

Underfull \vbox (badness 2393) has occurred while \output is active []

 [28

]
Underfull \vbox (badness 10000) has occurred while \output is active []

 [29 <./l8p11.png> <./l8p1.png> <./l8p2.png>]
./lab1.tex:668: Undefined control sequence.
l.668 \[ \therefore
                    \widetilde{G_c}(s) = (\widetilde{G_p}(s))^{-1}   \]
The control sequence at the end of the top line
of your error message was never \def'ed. If you have
misspelled it (e.g., `\hobx'), type `I' and the correct
spelling (e.g., `I\hbox'). Otherwise just continue,
and I'll forget about whatever was undefined.


Underfull \hbox (badness 10000) in paragraph at lines 668--672

 []


Underfull \hbox (badness 10000) in paragraph at lines 675--678

 []


Underfull \hbox (badness 10000) in paragraph at lines 700--701

 []

./lab1.tex:705: Missing $ inserted.
<inserted text> 
                $
l.705 with different value of \lambda
                                     .
I've inserted a begin-math/end-math symbol since I think
you left one out. Proceed, with fingers crossed.

./lab1.tex:706: Missing $ inserted.
<inserted text> 
                $
l.706 ...ased PID design for Second Order Process}
                                                  
I've inserted a begin-math/end-math symbol since I think
you left one out. Proceed, with fingers crossed.

[30]
./lab1.tex:717: Undefined control sequence.
l.717  \[ \therefore
                     \widetilde{G_c}(s) = (\widetilde{G_p}(s))^{-1}   \]
The control sequence at the end of the top line
of your error message was never \def'ed. If you have
misspelled it (e.g., `\hobx'), type `I' and the correct
spelling (e.g., `I\hbox'). Otherwise just continue,
and I'll forget about whatever was undefined.


Underfull \hbox (badness 10000) in paragraph at lines 717--721

 []


Underfull \hbox (badness 10000) in paragraph at lines 723--726

 []


Underfull \hbox (badness 10000) in paragraph at lines 748--749

 []

./lab1.tex:753: Missing $ inserted.
<inserted text> 
                $
l.753  with different value of \lambda
                                      .
I've inserted a begin-math/end-math symbol since I think
you left one out. Proceed, with fingers crossed.

./lab1.tex:754: Missing $ inserted.
<inserted text> 
                $
l.754 
      
I've inserted a begin-math/end-math symbol since I think
you left one out. Proceed, with fingers crossed.

[31] [32]
Chapter 8.

Underfull \hbox (badness 10000) in paragraph at lines 798--800

 []

./lab1.tex:803: Missing $ inserted.
<inserted text> 
                $
l.803 ...(1 + s \theta 0.5)k_p(1 + \lambda s)}}\]}
                                                  
I've inserted a begin-math/end-math symbol since I think
you left one out. Proceed, with fingers crossed.

./lab1.tex:803: Missing $ inserted.
<inserted text> 
                $
l.803 ...(1 + s \theta 0.5)k_p(1 + \lambda s)}}\]}
                                                  
I've inserted something that you may have forgotten.
(See the <inserted text> above.)
With luck, this will get me unwedged. But if you
really didn't forget anything, try typing `2' now; then
my insertion and my current dilemma will both disappear.

[33

]
Underfull \hbox (badness 10000) in paragraph at lines 842--843

 []

)
Runaway argument?
{(\frac {\lambda }{(\tau _u s + 1)^2} = 1\] after solving, we can get\ETC.
! File ended while scanning use of \frac .
<inserted text> 
                \par 
<*> lab1.tex
            
I suspect you have forgotten a `}', causing me
to read past where you wanted me to stop.
I'll try to recover; but if the error is serious,
you'd better type `E' or `X' now and fix your file.

! Emergency stop.
<*> lab1.tex
            
*** (job aborted, no legal \end found)

 
Here is how much of TeX's memory you used:
 4321 strings out of 480478
 56209 string characters out of 5905959
 316690 words of memory out of 5000000
 20252 multiletter control sequences out of 15000+600000
 541886 words of font info for 47 fonts, out of 8000000 for 9000
 1141 hyphenation exceptions out of 8191
 32i,18n,45p,787b,296s stack positions out of 5000i,500n,10000p,200000b,80000s
!  ==> Fatal error occurred, no output PDF file produced!
