This is pdfTeX, Version 3.14159265-2.6-1.40.21 (TeX Live 2020/Arch Linux) (preloaded format=pdflatex 2021.1.22)  10 FEB 2021 23:49
entering extended mode
 restricted \write18 enabled.
 file:line:error style messages enabled.
 %&-line parsing enabled.
**lab1.tex
(./lab1.tex
LaTeX2e <2020-10-01> patch level 2
L3 programming layer <2020-12-03> xparse <2020-03-03>
(/usr/share/texmf-dist/tex/latex/base/book.cls
Document Class: book 2020/04/10 v1.4m Standard LaTeX document class
(/usr/share/texmf-dist/tex/latex/base/bk12.clo
File: bk12.clo 2020/04/10 v1.4m Standard LaTeX file (size option)
)
\c@part=\count177
\c@chapter=\count178
\c@section=\count179
\c@subsection=\count180
\c@subsubsection=\count181
\c@paragraph=\count182
\c@subparagraph=\count183
\c@figure=\count184
\c@table=\count185
\abovecaptionskip=\skip47
\belowcaptionskip=\skip48
\bibindent=\dimen138
)
(/usr/share/texmf-dist/tex/latex/base/fontenc.sty
Package: fontenc 2020/08/10 v2.0s Standard LaTeX package
)
(/usr/share/texmf-dist/tex/latex/base/inputenc.sty
Package: inputenc 2020/08/01 v1.3d Input encoding file
\inpenc@prehook=\toks15
\inpenc@posthook=\toks16

(/usr/share/texmf-dist/tex/latex/base/latin1.def
File: latin1.def 2020/08/01 v1.3d Input encoding file
))
(/usr/share/texmf-dist/tex/latex/amsmath/amsxtra.sty
Package: amsxtra 1999/11/15 v1.2c AMS extra commands

(/usr/share/texmf-dist/tex/latex/amsmath/amsmath.sty
Package: amsmath 2020/09/23 v2.17i AMS math features
\@mathmargin=\skip49

For additional information on amsmath, use the `?' option.
(/usr/share/texmf-dist/tex/latex/amsmath/amstext.sty
Package: amstext 2000/06/29 v2.01 AMS text

(/usr/share/texmf-dist/tex/latex/amsmath/amsgen.sty
File: amsgen.sty 1999/11/30 v2.0 generic functions
\@emptytoks=\toks17
\ex@=\dimen139
))
(/usr/share/texmf-dist/tex/latex/amsmath/amsbsy.sty
Package: amsbsy 1999/11/29 v1.2d Bold Symbols
\pmbraise@=\dimen140
)
(/usr/share/texmf-dist/tex/latex/amsmath/amsopn.sty
Package: amsopn 2016/03/08 v2.02 operator names
)
\inf@bad=\count186
LaTeX Info: Redefining \frac on input line 234.
\uproot@=\count187
\leftroot@=\count188
LaTeX Info: Redefining \overline on input line 399.
\classnum@=\count189
\DOTSCASE@=\count190
LaTeX Info: Redefining \ldots on input line 496.
LaTeX Info: Redefining \dots on input line 499.
LaTeX Info: Redefining \cdots on input line 620.
\Mathstrutbox@=\box47
\strutbox@=\box48
\big@size=\dimen141
LaTeX Font Info:    Redeclaring font encoding OML on input line 743.
LaTeX Font Info:    Redeclaring font encoding OMS on input line 744.
\macc@depth=\count191
\c@MaxMatrixCols=\count192
\dotsspace@=\muskip16
\c@parentequation=\count193
\dspbrk@lvl=\count194
\tag@help=\toks18
\row@=\count195
\column@=\count196
\maxfields@=\count197
\andhelp@=\toks19
\eqnshift@=\dimen142
\alignsep@=\dimen143
\tagshift@=\dimen144
\tagwidth@=\dimen145
\totwidth@=\dimen146
\lineht@=\dimen147
\@envbody=\toks20
\multlinegap=\skip50
\multlinetaggap=\skip51
\mathdisplay@stack=\toks21
LaTeX Info: Redefining \[ on input line 2923.
LaTeX Info: Redefining \] on input line 2924.
)
LaTeX Info: Redefining \nobreakspace on input line 54.
)
(/usr/share/texmf-dist/tex/latex/titlesec/titlesec.sty
Package: titlesec 2019/10/16 v2.13 Sectioning titles
\ttl@box=\box49
\beforetitleunit=\skip52
\aftertitleunit=\skip53
\ttl@plus=\dimen148
\ttl@minus=\dimen149
\ttl@toksa=\toks22
\titlewidth=\dimen150
\titlewidthlast=\dimen151
\titlewidthfirst=\dimen152
)
(/usr/share/texmf-dist/tex/latex/booktabs/booktabs.sty
Package: booktabs 2020/01/12 v1.61803398 Publication quality tables
\heavyrulewidth=\dimen153
\lightrulewidth=\dimen154
\cmidrulewidth=\dimen155
\belowrulesep=\dimen156
\belowbottomsep=\dimen157
\aboverulesep=\dimen158
\abovetopsep=\dimen159
\cmidrulesep=\dimen160
\cmidrulekern=\dimen161
\defaultaddspace=\dimen162
\@cmidla=\count198
\@cmidlb=\count199
\@aboverulesep=\dimen163
\@belowrulesep=\dimen164
\@thisruleclass=\count266
\@lastruleclass=\count267
\@thisrulewidth=\dimen165
)
(/usr/share/texmf-dist/tex/latex/graphics/graphicx.sty
Package: graphicx 2020/09/09 v1.2b Enhanced LaTeX Graphics (DPC,SPQR)

(/usr/share/texmf-dist/tex/latex/graphics/keyval.sty
Package: keyval 2014/10/28 v1.15 key=value parser (DPC)
\KV@toks@=\toks23
)
(/usr/share/texmf-dist/tex/latex/graphics/graphics.sty
Package: graphics 2020/08/30 v1.4c Standard LaTeX Graphics (DPC,SPQR)

(/usr/share/texmf-dist/tex/latex/graphics/trig.sty
Package: trig 2016/01/03 v1.10 sin cos tan (DPC)
)
(/usr/share/texmf-dist/tex/latex/graphics-cfg/graphics.cfg
File: graphics.cfg 2016/06/04 v1.11 sample graphics configuration
)
Package graphics Info: Driver file: pdftex.def on input line 105.

(/usr/share/texmf-dist/tex/latex/graphics-def/pdftex.def
File: pdftex.def 2020/10/05 v1.2a Graphics/color driver for pdftex
))
\Gin@req@height=\dimen166
\Gin@req@width=\dimen167
)
(/usr/share/texmf-dist/tex/latex/xcolor/xcolor.sty
Package: xcolor 2016/05/11 v2.12 LaTeX color extensions (UK)

(/usr/share/texmf-dist/tex/latex/graphics-cfg/color.cfg
File: color.cfg 2016/01/02 v1.6 sample color configuration
)
Package xcolor Info: Driver file: pdftex.def on input line 225.

(/usr/share/texmf-dist/tex/latex/colortbl/colortbl.sty
Package: colortbl 2020/01/04 v1.0e Color table columns (DPC)

(/usr/share/texmf-dist/tex/latex/tools/array.sty
Package: array 2020/10/01 v2.5c Tabular extension package (FMi)
\col@sep=\dimen168
\ar@mcellbox=\box50
\extrarowheight=\dimen169
\NC@list=\toks24
\extratabsurround=\skip54
\backup@length=\skip55
\ar@cellbox=\box51
)
\everycr=\toks25
\minrowclearance=\skip56
)
\rownum=\count268
Package xcolor Info: Model `cmy' substituted by `cmy0' on input line 1348.
Package xcolor Info: Model `hsb' substituted by `rgb' on input line 1352.
Package xcolor Info: Model `RGB' extended on input line 1364.
Package xcolor Info: Model `HTML' substituted by `rgb' on input line 1366.
Package xcolor Info: Model `Hsb' substituted by `hsb' on input line 1367.
Package xcolor Info: Model `tHsb' substituted by `hsb' on input line 1368.
Package xcolor Info: Model `HSB' substituted by `hsb' on input line 1369.
Package xcolor Info: Model `Gray' substituted by `gray' on input line 1370.
Package xcolor Info: Model `wave' substituted by `hsb' on input line 1371.
)
(/usr/share/texmf-dist/tex/latex/romannum/romannum.sty
Package: romannum 2009/09/03 v1.0b roman numerals

(/usr/share/texmf-dist/tex/latex/stdclsdv/stdclsdv.sty
Package: stdclsdv 2009/09/04 v1.1a Sectional divisions
))
(/usr/share/texmf-dist/tex/latex/fancyhdr/fancyhdr.sty
Package: fancyhdr 2019/01/31 v3.10 Extensive control of page headers and footer
s
\f@nch@headwidth=\skip57
\f@nch@O@elh=\skip58
\f@nch@O@erh=\skip59
\f@nch@O@olh=\skip60
\f@nch@O@orh=\skip61
\f@nch@O@elf=\skip62
\f@nch@O@erf=\skip63
\f@nch@O@olf=\skip64
\f@nch@O@orf=\skip65
)
(/usr/share/texmf-dist/tex/latex/etoolbox/etoolbox.sty
Package: etoolbox 2020/10/05 v2.5k e-TeX tools for LaTeX (JAW)
\etb@tempcnta=\count269
)
(/usr/share/texmf-dist/tex/latex/float/float.sty
Package: float 2001/11/08 v1.3d Float enhancements (AL)
\c@float@type=\count270
\float@exts=\toks26
\float@box=\box52
\@float@everytoks=\toks27
\@floatcapt=\box53
)
(/usr/share/texmf-dist/tex/latex/tools/indentfirst.sty
Package: indentfirst 1995/11/23 v1.03 Indent first paragraph (DPC)
)
(/usr/share/texmf-dist/tex/latex/geometry/geometry.sty
Package: geometry 2020/01/02 v5.9 Page Geometry

(/usr/share/texmf-dist/tex/generic/iftex/ifvtex.sty
Package: ifvtex 2019/10/25 v1.7 ifvtex legacy package. Use iftex instead.

(/usr/share/texmf-dist/tex/generic/iftex/iftex.sty
Package: iftex 2020/03/06 v1.0d TeX engine tests
))
\Gm@cnth=\count271
\Gm@cntv=\count272
\c@Gm@tempcnt=\count273
\Gm@bindingoffset=\dimen170
\Gm@wd@mp=\dimen171
\Gm@odd@mp=\dimen172
\Gm@even@mp=\dimen173
\Gm@layoutwidth=\dimen174
\Gm@layoutheight=\dimen175
\Gm@layouthoffset=\dimen176
\Gm@layoutvoffset=\dimen177
\Gm@dimlist=\toks28
)
(/usr/share/texmf-dist/tex/latex/l3backend/l3backend-pdftex.def
File: l3backend-pdftex.def 2020-09-24 L3 backend support: PDF output (pdfTeX)
\l__kernel_color_stack_int=\count274
\l__pdf_internal_box=\box54
) (./lab1.aux)
LaTeX Font Info:    Checking defaults for OML/cmm/m/it on input line 57.
LaTeX Font Info:    ... okay on input line 57.
LaTeX Font Info:    Checking defaults for OMS/cmsy/m/n on input line 57.
LaTeX Font Info:    ... okay on input line 57.
LaTeX Font Info:    Checking defaults for OT1/cmr/m/n on input line 57.
LaTeX Font Info:    ... okay on input line 57.
LaTeX Font Info:    Checking defaults for T1/cmr/m/n on input line 57.
LaTeX Font Info:    ... okay on input line 57.
LaTeX Font Info:    Checking defaults for TS1/cmr/m/n on input line 57.
LaTeX Font Info:    ... okay on input line 57.
LaTeX Font Info:    Checking defaults for OMX/cmex/m/n on input line 57.
LaTeX Font Info:    ... okay on input line 57.
LaTeX Font Info:    Checking defaults for U/cmr/m/n on input line 57.
LaTeX Font Info:    ... okay on input line 57.

(/usr/share/texmf-dist/tex/context/base/mkii/supp-pdf.mkii
[Loading MPS to PDF converter (version 2006.09.02).]
\scratchcounter=\count275
\scratchdimen=\dimen178
\scratchbox=\box55
\nofMPsegments=\count276
\nofMParguments=\count277
\everyMPshowfont=\toks29
\MPscratchCnt=\count278
\MPscratchDim=\dimen179
\MPnumerator=\count279
\makeMPintoPDFobject=\count280
\everyMPtoPDFconversion=\toks30
) (/usr/share/texmf-dist/tex/latex/epstopdf-pkg/epstopdf-base.sty
Package: epstopdf-base 2020-01-24 v2.11 Base part for package epstopdf
Package epstopdf-base Info: Redefining graphics rule for `.eps' on input line 4
85.

(/usr/share/texmf-dist/tex/latex/latexconfig/epstopdf-sys.cfg
File: epstopdf-sys.cfg 2010/07/13 v1.3 Configuration of (r)epstopdf for TeX Liv
e
))
*geometry* driver: auto-detecting
*geometry* detected driver: pdftex
*geometry* verbose mode - [ preamble ] result:
* driver: pdftex
* paper: a4paper
* layout: <same size as paper>
* layoutoffset:(h,v)=(0.0pt,0.0pt)
* modes: twoside 
* h-part:(L,W,R)=(56.9055pt, 483.69684pt, 56.90553pt)
* v-part:(T,H,B)=(56.9055pt, 731.23582pt, 56.90552pt)
* \paperwidth=597.50787pt
* \paperheight=845.04684pt
* \textwidth=483.69684pt
* \textheight=731.23582pt
* \oddsidemargin=-15.36449pt
* \evensidemargin=-15.36446pt
* \topmargin=-47.23828pt
* \headheight=12.0pt
* \headsep=19.8738pt
* \topskip=12.0pt
* \footskip=30.0pt
* \marginparwidth=88.0pt
* \marginparsep=7.0pt
* \columnsep=10.0pt
* \skip\footins=10.8pt plus 4.0pt minus 2.0pt
* \hoffset=0.0pt
* \voffset=0.0pt
* \mag=1000
* \@twocolumnfalse
* \@twosidetrue
* \@mparswitchtrue
* \@reversemarginfalse
* (1in=72.27pt=25.4mm, 1cm=28.453pt)

Chapter 1.

Underfull \vbox (badness 6047) has occurred while \output is active []

 [1


{/var/lib/texmf/fonts/map/pdftex/updmap/pdftex.map}]
<lab1fig1.png, id=12, 1130.2225pt x 564.1075pt>
File: lab1fig1.png Graphic file (type png)
<use lab1fig1.png>
Package pdftex.def Info: lab1fig1.png  used on input line 98.
(pdftex.def)             Requested size: 904.17924pt x 451.2866pt.
<graph1.png, id=14, 647.41875pt x 370.38374pt>
File: graph1.png Graphic file (type png)
<use graph1.png>
Package pdftex.def Info: graph1.png  used on input line 103.
(pdftex.def)             Requested size: 517.9357pt x 296.30739pt.
<graph2.png, id=15, 688.5725pt x 352.31625pt>
File: graph2.png Graphic file (type png)
<use graph2.png>
Package pdftex.def Info: graph2.png  used on input line 108.
(pdftex.def)             Requested size: 585.28938pt x 299.47021pt.

Underfull \vbox (badness 10000) has occurred while \output is active []



Package Fancyhdr Warning: \headheight is too small (12.0pt): 
Make it at least 14.49998pt.
We now make it that large for the rest of the document.
This may cause the page layout to be inconsistent, however.

[2 <./lab1fig1.png> <./graph1.png>] [3 <./graph2.png>]
Chapter 2.

Underfull \vbox (badness 10000) has occurred while \output is active []

 [4

]
<lab2part11.png, id=31, 866.23625pt x 474.77374pt>
File: lab2part11.png Graphic file (type png)
<use lab2part11.png>
Package pdftex.def Info: lab2part11.png  used on input line 151.
(pdftex.def)             Requested size: 736.3043pt x 403.55959pt.
<lab2part12.png, id=32, 776.9025pt x 505.89pt>
File: lab2part12.png Graphic file (type png)
<use lab2part12.png>
Package pdftex.def Info: lab2part12.png  used on input line 153.
(pdftex.def)             Requested size: 660.37024pt x 430.00851pt.
<rlocus.jpg, id=33, 572.1375pt x 414.54875pt>
File: rlocus.jpg Graphic file (type jpg)
<use rlocus.jpg>
Package pdftex.def Info: rlocus.jpg  used on input line 158.
(pdftex.def)             Requested size: 290.22105pt x 210.28479pt.
LaTeX Font Info:    Trying to load font information for T1+cmtt on input line 1
61.

(/usr/share/texmf-dist/tex/latex/base/t1cmtt.fd
File: t1cmtt.fd 2019/12/16 v2.5j Standard LaTeX font definitions
)
<lab2part21.png, id=34, 895.345pt x 450.68375pt>
File: lab2part21.png Graphic file (type png)
<use lab2part21.png>
Package pdftex.def Info: lab2part21.png  used on input line 171.
(pdftex.def)             Requested size: 761.04686pt x 383.08298pt.
<lab2part22.png, id=35, 771.88374pt x 505.89pt>
File: lab2part22.png Graphic file (type png)
<use lab2part22.png>
Package pdftex.def Info: lab2part22.png  used on input line 173.
(pdftex.def)             Requested size: 733.2854pt x 480.59276pt.

Overfull \hbox (62.0382pt too wide) in paragraph at lines 157--176
[]$[]$  $[]$
 []


Underfull \vbox (badness 10000) has occurred while \output is active []

 [5 <./lab2part11.png> <./lab2part12.png>]
Underfull \vbox (badness 1997) has occurred while \output is active []

 [6 <./rlocus.jpg> <./lab2part21.png> <./lab2part22.png>] [7]
Chapter 3.
[8

]
<lab03part1.png, id=56, 672.5125pt x 410.53375pt>
File: lab03part1.png Graphic file (type png)
<use lab03part1.png>
Package pdftex.def Info: lab03part1.png  used on input line 244.
(pdftex.def)             Requested size: 571.63832pt x 348.95534pt.

Underfull \vbox (badness 2189) has occurred while \output is active []

 [9 <./lab03part1.png>]
<lab03part12.png, id=62, 755.82375pt x 417.56pt>
File: lab03part12.png Graphic file (type png)
<use lab03part12.png>
Package pdftex.def Info: lab03part12.png  used on input line 250.
(pdftex.def)             Requested size: 642.45322pt x 354.92766pt.
<lab03part2a.png, id=63, 1152.305pt x 440.64626pt>
File: lab03part2a.png Graphic file (type png)
<use lab03part2a.png>
Package pdftex.def Info: lab03part2a.png  used on input line 252.
(pdftex.def)             Requested size: 979.46388pt x 374.55107pt.
<lab03part2a1.png, id=64, 636.3775pt x 225.84375pt>
File: lab03part2a1.png Graphic file (type png)
<use lab03part2a1.png>
Package pdftex.def Info: lab03part2a1.png  used on input line 254.
(pdftex.def)             Requested size: 540.92343pt x 191.96808pt.
<lab03part2a2.png, id=65, 638.385pt x 250.9375pt>
File: lab03part2a2.png Graphic file (type png)
<use lab03part2a2.png>
Package pdftex.def Info: lab03part2a2.png  used on input line 258.
(pdftex.def)             Requested size: 542.62979pt x 213.29787pt.
<lab03part2a3.png, id=66, 640.3925pt x 256.96pt>
File: lab03part2a3.png Graphic file (type png)
<use lab03part2a3.png>
Package pdftex.def Info: lab03part2a3.png  used on input line 260.
(pdftex.def)             Requested size: 544.3362pt x 218.41702pt.
<lab03part2a4.png, id=67, 668.4975pt x 259.97125pt>
File: lab03part2a4.png Graphic file (type png)
<use lab03part2a4.png>
Package pdftex.def Info: lab03part2a4.png  used on input line 262.
(pdftex.def)             Requested size: 568.22556pt x 220.9766pt.

Overfull \vbox (4.86093pt too high) has occurred while \output is active []


[10 <./lab03part12.png> <./lab03part2a.png> <./lab03part2a1.png>]
<lab03part2a5.png, id=74, 758.835pt x 315.1775pt>
File: lab03part2a5.png Graphic file (type png)
<use lab03part2a5.png>
Package pdftex.def Info: lab03part2a5.png  used on input line 266.
(pdftex.def)             Requested size: 645.01282pt x 267.90213pt.


./lab1.tex:268: LaTeX Error: There's no line here to end.

See the LaTeX manual or LaTeX Companion for explanation.
Type  H <return>  for immediate help.
 ...                                              
                                                  
l.268  \includegraphics
                       [width = 165mm, height = 110mm, scale = 0.85]{lab03pa...

Your command was ignored.
Type  I <command> <return>  to replace it with another command,
or  <return>  to continue without it.

<lab03part21.png, id=75, 1334.9875pt x 553.06625pt>
File: lab03part21.png Graphic file (type png)
<use lab03part21.png>
Package pdftex.def Info: lab03part21.png  used on input line 268.
(pdftex.def)             Requested size: 1134.74477pt x 470.10854pt.
<lab03part22_ki_0_2.png, id=76, 757.83125pt x 405.515pt>
File: lab03part22_ki_0_2.png Graphic file (type png)
<use lab03part22_ki_0_2.png>
Package pdftex.def Info: lab03part22_ki_0_2.png  used on input line 272.
(pdftex.def)             Requested size: 644.1596pt x 344.68936pt.
<lab03part23_k_i_0_5.png, id=77, 804.00375pt x 376.40625pt>
File: lab03part23_k_i_0_5.png Graphic file (type png)
<use lab03part23_k_i_0_5.png>
Package pdftex.def Info: lab03part23_k_i_0_5.png  used on input line 274.
(pdftex.def)             Requested size: 683.40643pt x 319.94681pt.
<lab03part24_k_i_0_8.png, id=78, 889.3225pt x 396.48125pt>
File: lab03part24_k_i_0_8.png Graphic file (type png)
<use lab03part24_k_i_0_8.png>
Package pdftex.def Info: lab03part24_k_i_0_8.png  used on input line 276.
(pdftex.def)             Requested size: 755.92769pt x 337.01064pt.
<lab03part25_k_i_1.png, id=79, 765.86125pt x 372.39125pt>
File: lab03part25_k_i_1.png Graphic file (type png)
<use lab03part25_k_i_1.png>
Package pdftex.def Info: lab03part25_k_i_1.png  used on input line 278.
(pdftex.def)             Requested size: 650.98514pt x 316.53406pt.

Underfull \vbox (badness 10000) has occurred while \output is active []

 [11 <./lab03part2a2.png> <./lab03part2a3.png> <./lab03part2a4.png>]
Underfull \vbox (badness 10000) has occurred while \output is active []

 [12 <./lab03part2a5.png> <./lab03part21.png>]
Overfull \vbox (5.05724pt too high) has occurred while \output is active []


[13 <./lab03part22_ki_0_2.png> <./lab03part23_k_i_0_5.png> <./lab03part24_k_i_0
_8.png> <./lab03part25_k_i_1.png>] [14]
Chapter 4.
./lab1.tex:306: Undefined control sequence.
l.306 \noident
               Tailor series approximation is expressed up to second term,so...
The control sequence at the end of the top line
of your error message was never \def'ed. If you have
misspelled it (e.g., `\hobx'), type `I' and the correct
spelling (e.g., `I\hbox'). Otherwise just continue,
and I'll forget about whatever was undefined.


Underfull \hbox (badness 10000) in paragraph at lines 334--337

 []

[15

]
<lab04part10.png, id=105, 915.42pt x 480.79625pt>
File: lab04part10.png Graphic file (type png)
<use lab04part10.png>
Package pdftex.def Info: lab04part10.png  used on input line 354.
(pdftex.def)             Requested size: 869.64407pt x 456.75383pt.


./lab1.tex:355: LaTeX Error: \caption outside float.

See the LaTeX manual or LaTeX Companion for explanation.
Type  H <return>  for immediate help.
 ...                                              
                                                  
l.355   \caption
                {Simulink model of systems given is Part A}
You're in trouble here.  Try typing  <return>  to proceed.
If that doesn't work, type  X <return>  to quit.

./lab1.tex:355: Undefined control sequence.
\caption ... \endcsname \fi \fi \@dblarg {\@tempf 
                                                  \@captype }
l.355   \caption
                {Simulink model of systems given is Part A}
The control sequence at the end of the top line
of your error message was never \def'ed. If you have
misspelled it (e.g., `\hobx'), type `I' and the correct
spelling (e.g., `I\hbox'). Otherwise just continue,
and I'll forget about whatever was undefined.

./lab1.tex:355: Undefined control sequence.
\caption ...e \fi \fi \@dblarg {\@tempf \@captype 
                                                  }
l.355   \caption
                {Simulink model of systems given is Part A}
The control sequence at the end of the top line
of your error message was never \def'ed. If you have
misspelled it (e.g., `\hobx'), type `I' and the correct
spelling (e.g., `I\hbox'). Otherwise just continue,
and I'll forget about whatever was undefined.

<lab04part11.png, id=106, 781.92125pt x 368.37625pt>
File: lab04part11.png Graphic file (type png)
<use lab04part11.png>
Package pdftex.def Info: lab04part11.png  used on input line 359.
(pdftex.def)             Requested size: 742.82098pt x 349.95544pt.
<lab04part20.png, id=107, 897.3525pt x 409.53pt>
File: lab04part20.png Graphic file (type png)
<use lab04part20.png>
Package pdftex.def Info: lab04part20.png  used on input line 361.
(pdftex.def)             Requested size: 762.75322pt x 348.10214pt.
<lab04part21.png, id=108, 773.89125pt x 360.34625pt>
File: lab04part21.png Graphic file (type png)
<use lab04part21.png>
Package pdftex.def Info: lab04part21.png  used on input line 363.
(pdftex.def)             Requested size: 657.81067pt x 306.29576pt.

Underfull \vbox (badness 10000) has occurred while \output is active []

 [16 <./lab04part10.png>]
Overfull \vbox (5.29807pt too high) has occurred while \output is active []


[17 <./lab04part11.png> <./lab04part20.png> <./lab04part21.png>] [18]
Chapter 5.

Underfull \vbox (badness 1661) has occurred while \output is active []

 [19

]
<lab05part01.png, id=126, 710.655pt x 548.0475pt>
File: lab05part01.png Graphic file (type png)
<use lab05part01.png>
Package pdftex.def Info: lab05part01.png  used on input line 435.
(pdftex.def)             Requested size: 604.0596pt x 465.84258pt.
<lab05part11.png, id=127, 649.42625pt x 319.1925pt>
File: lab05part11.png Graphic file (type png)
<use lab05part11.png>
Package pdftex.def Info: lab05part11.png  used on input line 439.
(pdftex.def)             Requested size: 552.01492pt x 271.3149pt.
<lab05part12.png, id=128, 539.01375pt x 354.32375pt>
File: lab05part12.png Graphic file (type png)
<use lab05part12.png>
Package pdftex.def Info: lab05part12.png  used on input line 441.
(pdftex.def)             Requested size: 458.16383pt x 301.1766pt.
<lab05part20.png, id=129, 1245.65375pt x 529.98pt>
File: lab05part20.png Graphic file (type png)
<use lab05part20.png>
Package pdftex.def Info: lab05part20.png  used on input line 445.
(pdftex.def)             Requested size: 1183.36436pt x 503.47812pt.
<lab05part21.png, id=130, 765.86125pt x 347.2975pt>
File: lab05part21.png Graphic file (type png)
<use lab05part21.png>
Package pdftex.def Info: lab05part21.png  used on input line 447.
(pdftex.def)             Requested size: 650.98514pt x 295.20425pt.
<lab05part22.png, id=131, 643.40375pt x 358.33875pt>
File: lab05part22.png Graphic file (type png)
<use lab05part22.png>
Package pdftex.def Info: lab05part22.png  used on input line 449.
(pdftex.def)             Requested size: 546.89577pt x 304.58937pt.

[20 <./lab05part01.png>]
Underfull \vbox (badness 10000) has occurred while \output is active []

 [21 <./lab05part11.png> <./lab05part12.png>]
Overfull \vbox (5.67905pt too high) has occurred while \output is active []


[22 <./lab05part20.png> <./lab05part21.png> <./lab05part22.png>]
Underfull \vbox (badness 10000) has occurred while \output is active []

 [23]
[24]
Chapter 6.
<lab06part10.png, id=153, 816.04875pt x 562.1pt>
File: lab06part10.png Graphic file (type png)
<use lab06part10.png>
Package pdftex.def Info: lab06part10.png  used on input line 555.
(pdftex.def)             Requested size: 775.24193pt x 533.99197pt.

Overfull \hbox (14.2319pt too wide) in paragraph at lines 555--556
 [][] 
 []

<lab06part11.png, id=154, 731.73375pt x 337.26pt>
File: lab06part11.png Graphic file (type png)
<use lab06part11.png>
Package pdftex.def Info: lab06part11.png  used on input line 559.
(pdftex.def)             Requested size: 695.14313pt x 320.39517pt.
<lab06part12.png, id=155, 542.025pt x 359.3425pt>
File: lab06part12.png Graphic file (type png)
<use lab06part12.png>
Package pdftex.def Info: lab06part12.png  used on input line 563.
(pdftex.def)             Requested size: 514.92082pt x 341.37343pt.

Underfull \vbox (badness 10000) has occurred while \output is active []

 [25

]
Underfull \vbox (badness 10000) has occurred while \output is active []

 [26 <./lab06part10.png> <./lab06part11.png>] [27 <./lab06part12.png>]
Chapter 7.
<l7p1.png, id=169, 473.33595pt x 172.53648pt>
File: l7p1.png Graphic file (type png)
<use l7p1.png>
Package pdftex.def Info: l7p1.png  used on input line 613.
(pdftex.def)             Requested size: 378.66927pt x 138.02936pt.

Underfull \hbox (badness 10000) in paragraph at lines 625--628

 []

[28

 <./l7p1.png>]
./lab1.tex:1011: You can't use `\eqno' in math mode.
\endmathdisplay@a ...\df@tag \@empty \else \veqno 
                                                  \alt@tag \df@tag \fi \ifx ...
l.1011 ...amma s + 1}{k_p (\lambda s + 1)^2} = 1 }
                                                  $$
Sorry, but I'm not programmed to handle this case;
I'll just pretend that you didn't ask for it.
If you're in the wrong mode, you might be able to
return to the right one by typing `I}' or `I$' or `I\par'.

./lab1.tex:1011: Missing } inserted.
<inserted text> 
                }
l.1011 ...amma s + 1}{k_p (\lambda s + 1)^2} = 1 }
                                                  $$
I've inserted something that you may have forgotten.
(See the <inserted text> above.)
With luck, this will get me unwedged. But if you
really didn't forget anything, try typing `2' now; then
my insertion and my current dilemma will both disappear.


Underfull \hbox (badness 10000) in paragraph at lines 1011--1011

 []


Underfull \hbox (badness 10000) in paragraph at lines 1011--1011

 []

[29]
Underfull \vbox (badness 10000) has occurred while \output is active []

 [30]
<lab7p11.png, id=181, 782.925pt x 559.08875pt>
File: lab7p11.png Graphic file (type png)
<use lab7p11.png>
Package pdftex.def Info: lab7p11.png  used on input line 1011.
(pdftex.def)             Requested size: 626.34085pt x 447.27159pt.
<lab7p12.png, id=182, 968.61874pt x 394.47375pt>
File: lab7p12.png Graphic file (type png)
<use lab7p12.png>
Package pdftex.def Info: lab7p12.png  used on input line 1011.
(pdftex.def)             Requested size: 871.74883pt x 355.02309pt.

Underfull \vbox (badness 10000) has occurred while \output is active []

 [31 <./lab7p11.png> <./lab7p12.png>]
<lab7p21.png, id=189, 780.9175pt x 556.0775pt>
File: lab7p21.png Graphic file (type png)
<use lab7p21.png>
Package pdftex.def Info: lab7p21.png  used on input line 1011.
(pdftex.def)             Requested size: 624.73485pt x 444.86261pt.
<lab7p22.png, id=190, 975.645pt x 397.485pt>
File: lab7p22.png Graphic file (type png)
<use lab7p22.png>
Package pdftex.def Info: lab7p22.png  used on input line 1011.
(pdftex.def)             Requested size: 878.0724pt x 357.73318pt.
 [32 <./lab7p21.png> <./lab7p22.png>] [33]
Chapter 8.

Overfull \hbox (29.3747pt too wide) in paragraph at lines 1011--1011
 |[] 
 []

<l8p11.png, id=199, 922.44624pt x 432.61626pt>
File: l8p11.png Graphic file (type png)
<use l8p11.png>
Package pdftex.def Info: l8p11.png  used on input line 1011.
(pdftex.def)             Requested size: 830.19395pt x 389.35103pt.
<l8p1.png, id=200, 922.44624pt x 429.605pt>
File: l8p1.png Graphic file (type png)
<use l8p1.png>
Package pdftex.def Info: l8p1.png  used on input line 1011.
(pdftex.def)             Requested size: 830.19395pt x 386.64091pt.
<l8p2.png, id=201, 922.44624pt x 396.48125pt>
File: l8p2.png Graphic file (type png)
<use l8p2.png>
Package pdftex.def Info: l8p2.png  used on input line 1011.
(pdftex.def)             Requested size: 830.19395pt x 356.82982pt.
[34

]
Underfull \vbox (badness 10000) has occurred while \output is active []

 [35 <./l8p11.png> <./l8p1.png> <./l8p2.png>]
./lab1.tex:1011: Undefined control sequence.
<argument> ...\widetilde {G_c}$(s)} \[ \therefore 
                                                  \widetilde {G_c}(s) = (\wi...
l.1011 ...amma s + 1}{k_p (\lambda s + 1)^2} = 1 }
                                                  $$
The control sequence at the end of the top line
of your error message was never \def'ed. If you have
misspelled it (e.g., `\hobx'), type `I' and the correct
spelling (e.g., `I\hbox'). Otherwise just continue,
and I'll forget about whatever was undefined.


Underfull \hbox (badness 10000) in paragraph at lines 1011--1011

 []


Underfull \hbox (badness 10000) in paragraph at lines 1011--1011

 []


Underfull \hbox (badness 10000) in paragraph at lines 1011--1011

 []

./lab1.tex:1011: Missing $ inserted.
<inserted text> 
                $
l.1011 ...amma s + 1}{k_p (\lambda s + 1)^2} = 1 }
                                                  $$
I've inserted a begin-math/end-math symbol since I think
you left one out. Proceed, with fingers crossed.

./lab1.tex:1011: Missing $ inserted.
<inserted text> 
                $
l.1011 ...amma s + 1}{k_p (\lambda s + 1)^2} = 1 }
                                                  $$
I've inserted a begin-math/end-math symbol since I think
you left one out. Proceed, with fingers crossed.

./lab1.tex:1011: Missing } inserted.
<inserted text> 
                }
l.1011 ...amma s + 1}{k_p (\lambda s + 1)^2} = 1 }
                                                  $$
I've inserted something that you may have forgotten.
(See the <inserted text> above.)
With luck, this will get me unwedged. But if you
really didn't forget anything, try typing `2' now; then
my insertion and my current dilemma will both disappear.

./lab1.tex:1011: Extra }, or forgotten \endgroup.
\@par ... \@noitemerr {\@@par }\fi \else {\@@par }
                                                  \fi 
l.1011 ...amma s + 1}{k_p (\lambda s + 1)^2} = 1 }
                                                  $$
I've deleted a group-closing symbol because it seems to be
spurious, as in `$x}$'. But perhaps the } is legitimate and
you forgot something else, as in `\hbox{$x}'. In such cases
the way to recover is to insert both the forgotten and the
deleted material, e.g., by typing `I$}'.

[36]
Underfull \hbox (badness 10000) in paragraph at lines 1011--1011

 []


Underfull \hbox (badness 10000) in paragraph at lines 1011--1011

 []


Underfull \hbox (badness 10000) in paragraph at lines 1011--1011

 []

[37]
<lab8p11.png, id=222, 759.83875pt x 347.2975pt>
File: lab8p11.png Graphic file (type png)
<use lab8p11.png>
Package pdftex.def Info: lab8p11.png  used on input line 1011.
(pdftex.def)             Requested size: 683.84856pt x 312.56485pt.
<lab8p12.png, id=223, 720.6925pt x 378.41376pt>
File: lab8p12.png Graphic file (type png)
<use lab8p12.png>
Package pdftex.def Info: lab8p12.png  used on input line 1011.
(pdftex.def)             Requested size: 648.61726pt x 340.56923pt.


./lab1.tex:1011: LaTeX Error: There's no line here to end.

See the LaTeX manual or LaTeX Companion for explanation.
Type  H <return>  for immediate help.
 ...                                              
                                                  
l.1011 ...amma s + 1}{k_p (\lambda s + 1)^2} = 1 }
                                                  $$
Your command was ignored.
Type  I <command> <return>  to replace it with another command,
or  <return>  to continue without it.


Underfull \vbox (badness 10000) has occurred while \output is active []

 [38 <./lab8p11.png> <./lab8p12.png>]
<lab8p21.png, id=229, 656.4525pt x 344.28625pt>
File: lab8p21.png Graphic file (type png)
<use lab8p21.png>
Package pdftex.def Info: lab8p21.png  used on input line 1011.
(pdftex.def)             Requested size: 590.80179pt x 309.85475pt.
<lab8p22.png, id=230, 839.135pt x 386.44376pt>
File: lab8p22.png Graphic file (type png)
<use lab8p22.png>
Package pdftex.def Info: lab8p22.png  used on input line 1011.
(pdftex.def)             Requested size: 755.21451pt x 347.79616pt.

Underfull \vbox (badness 1275) has occurred while \output is active []

 [39 <./lab8p21.png> <./lab8p22.png>] [40]
Chapter 9.

Underfull \hbox (badness 10000) in paragraph at lines 1011--1011

 []

./lab1.tex:1011: Missing $ inserted.
<inserted text> 
                $
l.1011 ...amma s + 1}{k_p (\lambda s + 1)^2} = 1 }
                                                  $$
I've inserted a begin-math/end-math symbol since I think
you left one out. Proceed, with fingers crossed.

./lab1.tex:1011: Missing $ inserted.
<inserted text> 
                $
l.1011 ...amma s + 1}{k_p (\lambda s + 1)^2} = 1 }
                                                  $$
I've inserted something that you may have forgotten.
(See the <inserted text> above.)
With luck, this will get me unwedged. But if you
really didn't forget anything, try typing `2' now; then
my insertion and my current dilemma will both disappear.

[41

]
Underfull \hbox (badness 10000) in paragraph at lines 1011--1011

 []


Underfull \hbox (badness 10000) in paragraph at lines 1011--1011

 []

./lab1.tex:1011: Extra }, or forgotten $.
\frac  #1#2->{\begingroup #1\endgroup \@@over #2}
                                                 
l.1011 ...amma s + 1}{k_p (\lambda s + 1)^2} = 1 }
                                                  $$
I've deleted a group-closing symbol because it seems to be
spurious, as in `$x}$'. But perhaps the } is legitimate and
you forgot something else, as in `\hbox{$x}'. In such cases
the way to recover is to insert both the forgotten and the
deleted material, e.g., by typing `I$}'.

[42]
Underfull \hbox (badness 10000) in paragraph at lines 1014--1017

 []


./lab1.tex:1026: LaTeX Error: There's no line here to end.

See the LaTeX manual or LaTeX Companion for explanation.
Type  H <return>  for immediate help.
 ...                                              
                                                  
l.1026 $
        $ = \frac{(1 - \tau_u s)(\gamma s + 1)}{k_p(\lambda^2 s^2 + 2 \lambd...

Your command was ignored.
Type  I <command> <return>  to replace it with another command,
or  <return>  to continue without it.


./lab1.tex:1036: LaTeX Error: There's no line here to end.

See the LaTeX manual or LaTeX Companion for explanation.
Type  H <return>  for immediate help.
 ...                                              
                                                  
l.1036 \\
         
Your command was ignored.
Type  I <command> <return>  to replace it with another command,
or  <return>  to continue without it.


./lab1.tex:1039: LaTeX Error: There's no line here to end.

See the LaTeX manual or LaTeX Companion for explanation.
Type  H <return>  for immediate help.
 ...                                              
                                                  
l.1039 \begin{center}\\
                       
Your command was ignored.
Type  I <command> <return>  to replace it with another command,
or  <return>  to continue without it.

./lab1.tex:1051: Misplaced alignment tab character &.
l.1051 $$\gamma &
                 = \lambda (\frac{\lambda }{\tau_u} + 2 )$$\\
I can't figure out why you would want to use a tab mark
here. If you just want an ampersand, the remedy is
simple: Just type `I\&' now. But if some right brace
up above has ended a previous alignment prematurely,
you're probably due for more error messages, and you
might try typing `S' now just to see what is salvageable.


./lab1.tex:1055: LaTeX Error: There's no line here to end.

See the LaTeX manual or LaTeX Companion for explanation.
Type  H <return>  for immediate help.
 ...                                              
                                                  
l.1055 $
        $ G_c^{\star} = \frac{\gamma}{k_p(2 \lambda - \gamma)}\frac{\gamma s...

Your command was ignored.
Type  I <command> <return>  to replace it with another command,
or  <return>  to continue without it.

[43]
<lab9p11.png, id=249, 776.9025pt x 349.305pt>
File: lab9p11.png Graphic file (type png)
<use lab9p11.png>
Package pdftex.def Info: lab9p11.png  used on input line 1073.
(pdftex.def)             Requested size: 699.20578pt x 314.37158pt.
<lab9p12.png, id=250, 835.12pt x 387.4475pt>
File: lab9p12.png Graphic file (type png)
<use lab9p12.png>
Package pdftex.def Info: lab9p12.png  used on input line 1075.
(pdftex.def)             Requested size: 751.60104pt x 348.69952pt.


./lab1.tex:1081: LaTeX Error: There's no line here to end.

See the LaTeX manual or LaTeX Companion for explanation.
Type  H <return>  for immediate help.
 ...                                              
                                                  
l.1081   \\
           
Your command was ignored.
Type  I <command> <return>  to replace it with another command,
or  <return>  to continue without it.


./lab1.tex:1082: LaTeX Error: There's no line here to end.

See the LaTeX manual or LaTeX Companion for explanation.
Type  H <return>  for immediate help.
 ...                                              
                                                  
l.1082   {
          \bf Part 2}
Your command was ignored.
Type  I <command> <return>  to replace it with another command,
or  <return>  to continue without it.

<lab9p21.png, id=251, 784.9325pt x 472.76625pt>
File: lab9p21.png Graphic file (type png)
<use lab9p21.png>
Package pdftex.def Info: lab9p21.png  used on input line 1086.
(pdftex.def)             Requested size: 706.43272pt x 425.48569pt.
<lab9p22.png, id=252, 830.10126pt x 439.6425pt>
File: lab9p22.png Graphic file (type png)
<use lab9p22.png>
Package pdftex.def Info: lab9p22.png  used on input line 1087.
(pdftex.def)             Requested size: 747.08424pt x 395.67459pt.

Underfull \vbox (badness 2197) has occurred while \output is active []

 [44 <./lab9p11.png> <./lab9p12.png>]

./lab1.tex:1122: LaTeX Error: There's no line here to end.

See the LaTeX manual or LaTeX Companion for explanation.
Type  H <return>  for immediate help.
 ...                                              
                                                  
l.1122  \\
          
Your command was ignored.
Type  I <command> <return>  to replace it with another command,
or  <return>  to continue without it.


./lab1.tex:1123: LaTeX Error: There's no line here to end.

See the LaTeX manual or LaTeX Companion for explanation.
Type  H <return>  for immediate help.
 ...                                              
                                                  
l.1123  \\
          
Your command was ignored.
Type  I <command> <return>  to replace it with another command,
or  <return>  to continue without it.


./lab1.tex:1124: LaTeX Error: There's no line here to end.

See the LaTeX manual or LaTeX Companion for explanation.
Type  H <return>  for immediate help.
 ...                                              
                                                  
l.1124 
       
Your command was ignored.
Type  I <command> <return>  to replace it with another command,
or  <return>  to continue without it.

[45 <./lab9p21.png> <./lab9p22.png>] [46]
Chapter 10.
<lab10f1.png, id=266, 708.6475pt x 200.75pt>
File: lab10f1.png Graphic file (type png)
<use lab10f1.png>
Package pdftex.def Info: lab10f1.png  used on input line 1148.
(pdftex.def)             Requested size: 637.77687pt x 180.67331pt.
[47

 <./lab10f1.png>]

./lab1.tex:1195: LaTeX Error: There's no line here to end.

See the LaTeX manual or LaTeX Companion for explanation.
Type  H <return>  for immediate help.
 ...                                              
                                                  
l.1195 \\
         
Your command was ignored.
Type  I <command> <return>  to replace it with another command,
or  <return>  to continue without it.


./lab1.tex:1196: LaTeX Error: There's no line here to end.

See the LaTeX manual or LaTeX Companion for explanation.
Type  H <return>  for immediate help.
 ...                                              
                                                  
l.1196 \\
         
Your command was ignored.
Type  I <command> <return>  to replace it with another command,
or  <return>  to continue without it.


./lab1.tex:1197: LaTeX Error: There's no line here to end.

See the LaTeX manual or LaTeX Companion for explanation.
Type  H <return>  for immediate help.
 ...                                              
                                                  
l.1197 \par
           
Your command was ignored.
Type  I <command> <return>  to replace it with another command,
or  <return>  to continue without it.


Underfull \hbox (badness 10000) in paragraph at lines 1198--1201

 []

<lab10fig1.png, id=271, 1051.93pt x 502.87875pt>
File: lab10fig1.png Graphic file (type png)
<use lab10fig1.png>
Package pdftex.def Info: lab10fig1.png  used on input line 1217.
(pdftex.def)             Requested size: 946.72826pt x 452.58669pt.
<lab10fig2.png, id=272, 914.41624pt x 510.90875pt>
File: lab10fig2.png Graphic file (type png)
<use lab10fig2.png>
Package pdftex.def Info: lab10fig2.png  used on input line 1219.
(pdftex.def)             Requested size: 822.96703pt x 459.81363pt.
<lab10fig3.png, id=273, 958.58125pt x 505.89pt>
File: lab10fig3.png Graphic file (type png)
<use lab10fig3.png>
Package pdftex.def Info: lab10fig3.png  used on input line 1221.
(pdftex.def)             Requested size: 862.71516pt x 455.29678pt.
[48 <./lab10fig1.png>]
Underfull \hbox (badness 10000) in paragraph at lines 1223--1223
|[]\T1/cmr/bx/n/12 Results|
 []

[49 <./lab10fig2.png> <./lab10fig3.png>]
Underfull \hbox (badness 10000) in paragraph at lines 1247--1247
|[]\T1/cmr/bx/n/12 Conclusion|
 []


./lab1.tex:1258: LaTeX Error: \begin{center} on input line 1216 ended by \end{d
ocument}.

See the LaTeX manual or LaTeX Companion for explanation.
Type  H <return>  for immediate help.
 ...                                              
                                                  
l.1258 \end{document}
                     
Your command was ignored.
Type  I <command> <return>  to replace it with another command,
or  <return>  to continue without it.

[50] (./lab1.aux) )
(\end occurred inside a group at level 2)

### semi simple group (level 2) entered at line 1216 (\begingroup)
### semi simple group (level 1) entered at line 1011 (\begingroup)
### bottom level 
Here is how much of TeX's memory you used:
 4494 strings out of 479383
 59625 string characters out of 5875830
 369517 words of memory out of 5000000
 21493 multiletter control sequences out of 15000+600000
 412978 words of font info for 50 fonts, out of 8000000 for 9000
 1141 hyphenation exceptions out of 8191
 78i,18n,85p,280b,506s stack positions out of 5000i,500n,10000p,200000b,80000s
{/usr/share/texmf-dist/fonts/enc/dvips/cm-super/cm-super-t1.enc
}{/usr/share/texmf-dist/fonts/enc/dvips/cm-super/cm-super-ts1.enc}</usr/share/t
exmf-dist/fonts/type1/public/amsfonts/cm/cmbx12.pfb></usr/share/texmf-dist/font
s/type1/public/amsfonts/cm/cmbx8.pfb></usr/share/texmf-dist/fonts/type1/public/
amsfonts/cm/cmex10.pfb></usr/share/texmf-dist/fonts/type1/public/amsfonts/cm/cm
mi12.pfb></usr/share/texmf-dist/fonts/type1/public/amsfonts/cm/cmmi6.pfb></usr/
share/texmf-dist/fonts/type1/public/amsfonts/cm/cmmi8.pfb></usr/share/texmf-dis
t/fonts/type1/public/amsfonts/cm/cmr12.pfb></usr/share/texmf-dist/fonts/type1/p
ublic/amsfonts/cm/cmr6.pfb></usr/share/texmf-dist/fonts/type1/public/amsfonts/c
m/cmr8.pfb></usr/share/texmf-dist/fonts/type1/public/amsfonts/cm/cmsy10.pfb></u
sr/share/texmf-dist/fonts/type1/public/amsfonts/cm/cmsy6.pfb></usr/share/texmf-
dist/fonts/type1/public/amsfonts/cm/cmsy8.pfb></usr/share/texmf-dist/fonts/type
1/public/cm-super/sfbi1728.pfb></usr/share/texmf-dist/fonts/type1/public/cm-sup
er/sfbx1200.pfb></usr/share/texmf-dist/fonts/type1/public/cm-super/sfbx1440.pfb
></usr/share/texmf-dist/fonts/type1/public/cm-super/sfrm1200.pfb></usr/share/te
xmf-dist/fonts/type1/public/cm-super/sftt1200.pfb>
Output written on lab1.pdf (50 pages, 1609479 bytes).
PDF statistics:
 347 PDF objects out of 1000 (max. 8388607)
 169 compressed objects within 2 object streams
 0 named destinations out of 1000 (max. 500000)
 271 words of extra memory for PDF output out of 10000 (max. 10000000)

